#
# There is insufficient memory for the Java Runtime Environment to continue.
# Native memory allocation (malloc) failed to allocate 2096256 bytes. Error detail: Chunk::new
# Possible reasons:
#   The system is out of physical RAM or swap space
#   This process is running with CompressedOops enabled, and the Java Heap may be blocking the growth of the native heap
# Possible solutions:
#   Reduce memory load on the system
#   Increase physical memory or swap space
#   Check if swap backing store is full
#   Decrease Java heap size (-Xmx/-Xms)
#   Decrease number of Java threads
#   Decrease Java thread stack sizes (-Xss)
#   Set larger code cache with -XX:ReservedCodeCacheSize=
#   JVM is running with Unscaled Compressed Oops mode in which the Java heap is
#     placed in the first 4GB address space. The Java Heap base address is the
#     maximum limit for the native heap growth. Please use -XX:HeapBaseMinAddress
#     to set the Java Heap base and to place the Java Heap above 4GB virtual address.
# This output file may be truncated or incomplete.
#
#  Out of Memory Error (arena.cpp:191), pid=18736, tid=3516
#
# JRE version: OpenJDK Runtime Environment Corretto-17.0.17.10.1 (17.0.17+10) (build 17.0.17+10-LTS)
# Java VM: OpenJDK 64-Bit Server VM Corretto-17.0.17.10.1 (17.0.17+10-LTS, mixed mode, sharing, tiered, compressed oops, compressed class ptrs, g1 gc, windows-amd64)
# No core dump will be written. Minidumps are not enabled by default on client versions of Windows
#

---------------  S U M M A R Y ------------

Command Line: -javaagent:C:\Program Files\JetBrains\IntelliJ IDEA 2025.2.4\lib\idea_rt.jar=62091 -Dfile.encoding=UTF-8 vn.fs.MartfuryShopApplication

Host: AMD Ryzen 5 5500U with Radeon Graphics         , 12 cores, 7G,  Windows 11 , 64 bit Build 26100 (10.0.26100.6725)
Time: Mon Nov 17 13:29:41 2025 SE Asia Standard Time elapsed time: 3574.742073 seconds (0d 0h 59m 34s)

---------------  T H R E A D  ---------------

Current thread (0x000001e5694132c0):  JavaThread "C2 CompilerThread0" daemon [_thread_in_native, id=3516, stack(0x00000039ca300000,0x00000039ca400000)]


Current CompileTask:
C2:3574742 8973       4       sun.security.ec.ECOperations::setSum (815 bytes)

Stack: [0x00000039ca300000,0x00000039ca400000]
Native frames: (J=compiled Java code, j=interpreted, Vv=VM code, C=native code)
V  [jvm.dll+0x68afd9]
V  [jvm.dll+0x841c09]
V  [jvm.dll+0x843978]
V  [jvm.dll+0x844003]
V  [jvm.dll+0x24ce4f]
V  [jvm.dll+0xaec76]
V  [jvm.dll+0xaf31c]
V  [jvm.dll+0x2b444f]
V  [jvm.dll+0x5913e4]
V  [jvm.dll+0x226c64]
V  [jvm.dll+0x22706d]
V  [jvm.dll+0x22007b]
V  [jvm.dll+0x21d0da]
V  [jvm.dll+0x1a8c70]
V  [jvm.dll+0x22d9fb]
V  [jvm.dll+0x22bb86]
V  [jvm.dll+0x7f747b]
V  [jvm.dll+0x7f187c]
V  [jvm.dll+0x689ee7]
C  [ucrtbase.dll+0x37b0]
C  [KERNEL32.DLL+0x2e8d7]
C  [ntdll.dll+0x8c53c]


---------------  P R O C E S S  ---------------

Threads class SMR info:
_java_thread_list=0x000001e5709cc2a0, length=35, elements={
0x000001e5693fb140, 0x000001e5693fde30, 0x000001e569410c50, 0x000001e569411520,
0x000001e569411df0, 0x000001e5694126c0, 0x000001e5694132c0, 0x000001e56941a1b0,
0x000001e569435710, 0x000001e5693e5c50, 0x000001e5697f5b40, 0x000001e5697f6230,
0x000001e574a074b0, 0x000001e574a07ed0, 0x000001e574a06070, 0x000001e574a06fa0,
0x000001e574a06580, 0x000001e574a083e0, 0x000001e574a08e00, 0x000001e574a088f0,
0x000001e57052cc30, 0x000001e57052c720, 0x000001e57052d140, 0x000001e57052d650,
0x000001e57052f4b0, 0x000001e57052db60, 0x000001e57052bd00, 0x000001e57052e070,
0x000001e57052e580, 0x000001e57052ea90, 0x000001e57052efa0, 0x000001e57052f9c0,
0x000001e57052c210, 0x000001e570533680, 0x000001e5705303e0
}

Java Threads: ( => current thread )
  0x000001e5693fb140 JavaThread "Reference Handler" daemon [_thread_blocked, id=18856, stack(0x00000039c9d00000,0x00000039c9e00000)]
  0x000001e5693fde30 JavaThread "Finalizer" daemon [_thread_blocked, id=9832, stack(0x00000039c9e00000,0x00000039c9f00000)]
  0x000001e569410c50 JavaThread "Signal Dispatcher" daemon [_thread_blocked, id=18800, stack(0x00000039c9f00000,0x00000039ca000000)]
  0x000001e569411520 JavaThread "Attach Listener" daemon [_thread_blocked, id=16232, stack(0x00000039ca000000,0x00000039ca100000)]
  0x000001e569411df0 JavaThread "Service Thread" daemon [_thread_blocked, id=14288, stack(0x00000039ca100000,0x00000039ca200000)]
  0x000001e5694126c0 JavaThread "Monitor Deflation Thread" daemon [_thread_blocked, id=10252, stack(0x00000039ca200000,0x00000039ca300000)]
=>0x000001e5694132c0 JavaThread "C2 CompilerThread0" daemon [_thread_in_native, id=3516, stack(0x00000039ca300000,0x00000039ca400000)]
  0x000001e56941a1b0 JavaThread "C1 CompilerThread0" daemon [_thread_blocked, id=17856, stack(0x00000039ca400000,0x00000039ca500000)]
  0x000001e569435710 JavaThread "Sweeper thread" daemon [_thread_blocked, id=13276, stack(0x00000039ca500000,0x00000039ca600000)]
  0x000001e5693e5c50 JavaThread "Common-Cleaner" daemon [_thread_blocked, id=11268, stack(0x00000039ca600000,0x00000039ca700000)]
  0x000001e5697f5b40 JavaThread "Monitor Ctrl-Break" daemon [_thread_in_native, id=18852, stack(0x00000039ca700000,0x00000039ca800000)]
  0x000001e5697f6230 JavaThread "Notification Thread" daemon [_thread_blocked, id=7504, stack(0x00000039ca800000,0x00000039ca900000)]
  0x000001e574a074b0 JavaThread "mysql-cj-abandoned-connection-cleanup" daemon [_thread_blocked, id=13392, stack(0x00000039cb900000,0x00000039cba00000)]
  0x000001e574a07ed0 JavaThread "HikariPool-1 housekeeper" daemon [_thread_blocked, id=16304, stack(0x00000039cbb00000,0x00000039cbc00000)]
  0x000001e574a06070 JavaThread "Catalina-utility-1" [_thread_blocked, id=19252, stack(0x00000039cbd00000,0x00000039cbe00000)]
  0x000001e574a06fa0 JavaThread "Catalina-utility-2" [_thread_blocked, id=2420, stack(0x00000039cbe00000,0x00000039cbf00000)]
  0x000001e574a06580 JavaThread "container-0" [_thread_blocked, id=19424, stack(0x00000039cbf00000,0x00000039cc000000)]
  0x000001e574a083e0 JavaThread "File Watcher" daemon [_thread_blocked, id=13772, stack(0x00000039cc000000,0x00000039cc100000)]
  0x000001e574a08e00 JavaThread "Live Reload Server" daemon [_thread_in_native, id=5316, stack(0x00000039cc200000,0x00000039cc300000)]
  0x000001e574a088f0 JavaThread "http-nio-8080-exec-1" daemon [_thread_blocked, id=18400, stack(0x00000039cc100000,0x00000039cc200000)]
  0x000001e57052cc30 JavaThread "http-nio-8080-exec-2" daemon [_thread_blocked, id=3512, stack(0x00000039cc300000,0x00000039cc400000)]
  0x000001e57052c720 JavaThread "http-nio-8080-exec-3" daemon [_thread_blocked, id=15640, stack(0x00000039cc400000,0x00000039cc500000)]
  0x000001e57052d140 JavaThread "http-nio-8080-exec-4" daemon [_thread_blocked, id=1800, stack(0x00000039cc500000,0x00000039cc600000)]
  0x000001e57052d650 JavaThread "http-nio-8080-exec-5" daemon [_thread_blocked, id=5348, stack(0x00000039cc600000,0x00000039cc700000)]
  0x000001e57052f4b0 JavaThread "http-nio-8080-exec-6" daemon [_thread_blocked, id=11784, stack(0x00000039cc700000,0x00000039cc800000)]
  0x000001e57052db60 JavaThread "http-nio-8080-exec-7" daemon [_thread_blocked, id=19176, stack(0x00000039cc800000,0x00000039cc900000)]
  0x000001e57052bd00 JavaThread "http-nio-8080-exec-8" daemon [_thread_blocked, id=16988, stack(0x00000039cc900000,0x00000039cca00000)]
  0x000001e57052e070 JavaThread "http-nio-8080-exec-9" daemon [_thread_blocked, id=19332, stack(0x00000039cca00000,0x00000039ccb00000)]
  0x000001e57052e580 JavaThread "http-nio-8080-exec-10" daemon [_thread_blocked, id=16896, stack(0x00000039ccb00000,0x00000039ccc00000)]
  0x000001e57052ea90 JavaThread "http-nio-8080-Poller" daemon [_thread_in_native, id=18640, stack(0x00000039ccc00000,0x00000039ccd00000)]
  0x000001e57052efa0 JavaThread "http-nio-8080-Acceptor" daemon [_thread_in_native, id=4932, stack(0x00000039ccd00000,0x00000039cce00000)]
  0x000001e57052f9c0 JavaThread "pool-1-thread-1" [_thread_blocked, id=16276, stack(0x00000039cce00000,0x00000039ccf00000)]
  0x000001e57052c210 JavaThread "DestroyJavaVM" [_thread_blocked, id=3392, stack(0x00000039c9600000,0x00000039c9700000)]
  0x000001e570533680 JavaThread "HikariPool-1 connection closer" daemon [_thread_blocked, id=9728, stack(0x00000039c9300000,0x00000039c9400000)]
  0x000001e5705303e0 JavaThread "HikariPool-1 connection adder" daemon [_thread_blocked, id=6100, stack(0x00000039c9400000,0x00000039c9500000)]

Other Threads:
  0x000001e5693f6dc0 VMThread "VM Thread" [stack: 0x00000039c9c00000,0x00000039c9d00000] [id=7276]
  0x000001e54b0f8870 WatcherThread [stack: 0x00000039ca900000,0x00000039caa00000] [id=9084]
  0x000001e54b14fc40 GCTaskThread "GC Thread#0" [stack: 0x00000039c9700000,0x00000039c9800000] [id=12008]
  0x000001e56ed72720 GCTaskThread "GC Thread#1" [stack: 0x00000039cad00000,0x00000039cae00000] [id=3064]
  0x000001e56e9da520 GCTaskThread "GC Thread#2" [stack: 0x00000039cae00000,0x00000039caf00000] [id=18620]
  0x000001e56e9da7e0 GCTaskThread "GC Thread#3" [stack: 0x00000039caf00000,0x00000039cb000000] [id=18508]
  0x000001e56e63b230 GCTaskThread "GC Thread#4" [stack: 0x00000039cb000000,0x00000039cb100000] [id=18516]
  0x000001e56e63b4f0 GCTaskThread "GC Thread#5" [stack: 0x00000039cb100000,0x00000039cb200000] [id=18600]
  0x000001e56eaa3f20 GCTaskThread "GC Thread#6" [stack: 0x00000039cb200000,0x00000039cb300000] [id=18596]
  0x000001e56eaa39a0 GCTaskThread "GC Thread#7" [stack: 0x00000039cb400000,0x00000039cb500000] [id=14856]
  0x000001e56eaa41e0 GCTaskThread "GC Thread#8" [stack: 0x00000039cb500000,0x00000039cb600000] [id=19168]
  0x000001e56eaa44a0 GCTaskThread "GC Thread#9" [stack: 0x00000039cb600000,0x00000039cb700000] [id=19072]
  0x000001e54b15f750 ConcurrentGCThread "G1 Main Marker" [stack: 0x00000039c9800000,0x00000039c9900000] [id=12112]
  0x000001e54b161cf0 ConcurrentGCThread "G1 Conc#0" [stack: 0x00000039c9900000,0x00000039c9a00000] [id=18824]
  0x000001e56eaa2920 ConcurrentGCThread "G1 Conc#1" [stack: 0x00000039cb700000,0x00000039cb800000] [id=19076]
  0x000001e56eaa3420 ConcurrentGCThread "G1 Conc#2" [stack: 0x00000039cb800000,0x00000039cb900000] [id=19084]
  0x000001e5692b1e40 ConcurrentGCThread "G1 Refine#0" [stack: 0x00000039c9a00000,0x00000039c9b00000] [id=14440]
  0x000001e5692b4530 ConcurrentGCThread "G1 Service" [stack: 0x00000039c9b00000,0x00000039c9c00000] [id=13700]

Threads with active compile tasks:
C2 CompilerThread0  3574769 8973       4       sun.security.ec.ECOperations::setSum (815 bytes)

VM state: not at safepoint (normal execution)

VM Mutex/Monitor currently owned by a thread: None

Heap address: 0x000000008a200000, size: 1886 MB, Compressed Oops mode: 32-bit

CDS archive(s) mapped at: [0x000001e500000000-0x000001e500bb0000-0x000001e500bb0000), size 12255232, SharedBaseAddress: 0x000001e500000000, ArchiveRelocationMode: 1.
Compressed class space mapped at: 0x000001e501000000-0x000001e541000000, reserved size: 1073741824
Narrow klass base: 0x000001e500000000, Narrow klass shift: 0, Narrow klass range: 0x100000000

GC Precious Log:
 CPUs: 12 total, 12 available
 Memory: 7541M
 Large Page Support: Disabled
 NUMA Support: Disabled
 Compressed Oops: Enabled (32-bit)
 Heap Region Size: 1M
 Heap Min Capacity: 8M
 Heap Initial Capacity: 118M
 Heap Max Capacity: 1886M
 Pre-touch: Disabled
 Parallel Workers: 10
 Concurrent Workers: 3
 Concurrent Refinement Workers: 10
 Periodic GC: Disabled

Heap:
 garbage-first heap   total 73728K, used 56160K [0x000000008a200000, 0x0000000100000000)
  region size 1024K, 26 young (26624K), 4 survivors (4096K)
 Metaspace       used 70621K, committed 71168K, reserved 1114112K
  class space    used 9281K, committed 9536K, reserved 1048576K

Heap Regions: E=young(eden), S=young(survivor), O=old, HS=humongous(starts), HC=humongous(continues), CS=collection set, F=free, OA=open archive, CA=closed archive, TAMS=top-at-mark-start (previous, next)
|   0|0x000000008a200000, 0x000000008a300000, 0x000000008a300000|100%|HS|  |TAMS 0x000000008a300000, 0x000000008a200000| Complete 
|   1|0x000000008a300000, 0x000000008a400000, 0x000000008a400000|100%| O|  |TAMS 0x000000008a400000, 0x000000008a300000| Untracked 
|   2|0x000000008a400000, 0x000000008a500000, 0x000000008a500000|100%| O|  |TAMS 0x000000008a500000, 0x000000008a400000| Untracked 
|   3|0x000000008a500000, 0x000000008a600000, 0x000000008a600000|100%| O|  |TAMS 0x000000008a600000, 0x000000008a500000| Untracked 
|   4|0x000000008a600000, 0x000000008a700000, 0x000000008a700000|100%| O|  |TAMS 0x000000008a700000, 0x000000008a600000| Untracked 
|   5|0x000000008a700000, 0x000000008a800000, 0x000000008a800000|100%| O|  |TAMS 0x000000008a800000, 0x000000008a700000| Untracked 
|   6|0x000000008a800000, 0x000000008a900000, 0x000000008a900000|100%| O|  |TAMS 0x000000008a900000, 0x000000008a800000| Untracked 
|   7|0x000000008a900000, 0x000000008a93fe00, 0x000000008aa00000| 24%| O|  |TAMS 0x000000008a93fe00, 0x000000008a900000| Untracked 
|   8|0x000000008aa00000, 0x000000008ab00000, 0x000000008ab00000|100%| O|  |TAMS 0x000000008ab00000, 0x000000008aa00000| Untracked 
|   9|0x000000008ab00000, 0x000000008ac00000, 0x000000008ac00000|100%| O|  |TAMS 0x000000008ac00000, 0x000000008ab00000| Untracked 
|  10|0x000000008ac00000, 0x000000008ad00000, 0x000000008ad00000|100%| O|  |TAMS 0x000000008ad00000, 0x000000008ac00000| Untracked 
|  11|0x000000008ad00000, 0x000000008ae00000, 0x000000008ae00000|100%| O|  |TAMS 0x000000008ae00000, 0x000000008ad00000| Untracked 
|  12|0x000000008ae00000, 0x000000008af00000, 0x000000008af00000|100%| O|  |TAMS 0x000000008af00000, 0x000000008ae00000| Untracked 
|  13|0x000000008af00000, 0x000000008b000000, 0x000000008b000000|100%| O|  |TAMS 0x000000008b000000, 0x000000008af00000| Untracked 
|  14|0x000000008b000000, 0x000000008b100000, 0x000000008b100000|100%| O|  |TAMS 0x000000008b100000, 0x000000008b000000| Untracked 
|  15|0x000000008b100000, 0x000000008b200000, 0x000000008b200000|100%| O|  |TAMS 0x000000008b200000, 0x000000008b100000| Untracked 
|  16|0x000000008b200000, 0x000000008b300000, 0x000000008b300000|100%| O|  |TAMS 0x000000008b300000, 0x000000008b200000| Untracked 
|  17|0x000000008b300000, 0x000000008b400000, 0x000000008b400000|100%| O|  |TAMS 0x000000008b400000, 0x000000008b300000| Untracked 
|  18|0x000000008b400000, 0x000000008b500000, 0x000000008b500000|100%| O|  |TAMS 0x000000008b500000, 0x000000008b400000| Untracked 
|  19|0x000000008b500000, 0x000000008b600000, 0x000000008b600000|100%| O|  |TAMS 0x000000008b600000, 0x000000008b500000| Untracked 
|  20|0x000000008b600000, 0x000000008b700000, 0x000000008b700000|100%| O|  |TAMS 0x000000008b700000, 0x000000008b600000| Untracked 
|  21|0x000000008b700000, 0x000000008b800000, 0x000000008b800000|100%| O|  |TAMS 0x000000008b800000, 0x000000008b700000| Untracked 
|  22|0x000000008b800000, 0x000000008b900000, 0x000000008b900000|100%| O|  |TAMS 0x000000008b900000, 0x000000008b800000| Untracked 
|  23|0x000000008b900000, 0x000000008ba00000, 0x000000008ba00000|100%| O|  |TAMS 0x000000008ba00000, 0x000000008b900000| Untracked 
|  24|0x000000008ba00000, 0x000000008bb00000, 0x000000008bb00000|100%| O|  |TAMS 0x000000008bb00000, 0x000000008ba00000| Untracked 
|  25|0x000000008bb00000, 0x000000008bc00000, 0x000000008bc00000|100%| O|  |TAMS 0x000000008bc00000, 0x000000008bb00000| Untracked 
|  26|0x000000008bc00000, 0x000000008bd00000, 0x000000008bd00000|100%| O|  |TAMS 0x000000008bd00000, 0x000000008bc00000| Untracked 
|  27|0x000000008bd00000, 0x000000008be00000, 0x000000008be00000|100%| O|  |TAMS 0x000000008bd15e00, 0x000000008bd00000| Untracked 
|  28|0x000000008be00000, 0x000000008bf00000, 0x000000008bf00000|100%| O|  |TAMS 0x000000008be00000, 0x000000008be00000| Untracked 
|  29|0x000000008bf00000, 0x000000008c000000, 0x000000008c000000|100%| O|  |TAMS 0x000000008bf00000, 0x000000008bf00000| Untracked 
|  30|0x000000008c000000, 0x000000008c100000, 0x000000008c100000|100%| O|  |TAMS 0x000000008c000000, 0x000000008c000000| Untracked 
|  31|0x000000008c100000, 0x000000008c1f0000, 0x000000008c200000| 93%| O|  |TAMS 0x000000008c100000, 0x000000008c100000| Untracked 
|  32|0x000000008c200000, 0x000000008c200000, 0x000000008c300000|  0%| F|  |TAMS 0x000000008c200000, 0x000000008c200000| Untracked 
|  33|0x000000008c300000, 0x000000008c300000, 0x000000008c400000|  0%| F|  |TAMS 0x000000008c300000, 0x000000008c300000| Untracked 
|  34|0x000000008c400000, 0x000000008c400000, 0x000000008c500000|  0%| F|  |TAMS 0x000000008c400000, 0x000000008c400000| Untracked 
|  35|0x000000008c500000, 0x000000008c500000, 0x000000008c600000|  0%| F|  |TAMS 0x000000008c500000, 0x000000008c500000| Untracked 
|  36|0x000000008c600000, 0x000000008c600000, 0x000000008c700000|  0%| F|  |TAMS 0x000000008c600000, 0x000000008c600000| Untracked 
|  37|0x000000008c700000, 0x000000008c700000, 0x000000008c800000|  0%| F|  |TAMS 0x000000008c700000, 0x000000008c700000| Untracked 
|  38|0x000000008c800000, 0x000000008c8a8360, 0x000000008c900000| 65%| S|CS|TAMS 0x000000008c800000, 0x000000008c800000| Complete 
|  39|0x000000008c900000, 0x000000008ca00000, 0x000000008ca00000|100%| S|CS|TAMS 0x000000008c900000, 0x000000008c900000| Complete 
|  40|0x000000008ca00000, 0x000000008ca00000, 0x000000008cb00000|  0%| F|  |TAMS 0x000000008ca00000, 0x000000008ca00000| Untracked 
|  41|0x000000008cb00000, 0x000000008cb00000, 0x000000008cc00000|  0%| F|  |TAMS 0x000000008cb00000, 0x000000008cb00000| Untracked 
|  42|0x000000008cc00000, 0x000000008cd00000, 0x000000008cd00000|100%| S|CS|TAMS 0x000000008cc00000, 0x000000008cc00000| Complete 
|  43|0x000000008cd00000, 0x000000008ce00000, 0x000000008ce00000|100%| S|CS|TAMS 0x000000008cd00000, 0x000000008cd00000| Complete 
|  44|0x000000008ce00000, 0x000000008ce00000, 0x000000008cf00000|  0%| F|  |TAMS 0x000000008ce00000, 0x000000008ce00000| Untracked 
|  45|0x000000008cf00000, 0x000000008cf00000, 0x000000008d000000|  0%| F|  |TAMS 0x000000008cf00000, 0x000000008cf00000| Untracked 
|  46|0x000000008d000000, 0x000000008d000000, 0x000000008d100000|  0%| F|  |TAMS 0x000000008d000000, 0x000000008d000000| Untracked 
|  47|0x000000008d100000, 0x000000008d100000, 0x000000008d200000|  0%| F|  |TAMS 0x000000008d100000, 0x000000008d100000| Untracked 
|  48|0x000000008d200000, 0x000000008d200000, 0x000000008d300000|  0%| F|  |TAMS 0x000000008d200000, 0x000000008d200000| Untracked 
|  49|0x000000008d300000, 0x000000008d300000, 0x000000008d400000|  0%| F|  |TAMS 0x000000008d300000, 0x000000008d300000| Untracked 
|  50|0x000000008d400000, 0x000000008d481228, 0x000000008d500000| 50%| E|  |TAMS 0x000000008d400000, 0x000000008d400000| Complete 
|  51|0x000000008d500000, 0x000000008d600000, 0x000000008d600000|100%| E|CS|TAMS 0x000000008d500000, 0x000000008d500000| Complete 
|  52|0x000000008d600000, 0x000000008d700000, 0x000000008d700000|100%| E|CS|TAMS 0x000000008d600000, 0x000000008d600000| Complete 
|  53|0x000000008d700000, 0x000000008d800000, 0x000000008d800000|100%| E|CS|TAMS 0x000000008d700000, 0x000000008d700000| Complete 
|  54|0x000000008d800000, 0x000000008d900000, 0x000000008d900000|100%| E|CS|TAMS 0x000000008d800000, 0x000000008d800000| Complete 
|  55|0x000000008d900000, 0x000000008da00000, 0x000000008da00000|100%| E|CS|TAMS 0x000000008d900000, 0x000000008d900000| Complete 
|  56|0x000000008da00000, 0x000000008db00000, 0x000000008db00000|100%| E|CS|TAMS 0x000000008da00000, 0x000000008da00000| Complete 
|  57|0x000000008db00000, 0x000000008dc00000, 0x000000008dc00000|100%| E|CS|TAMS 0x000000008db00000, 0x000000008db00000| Complete 
|  58|0x000000008dc00000, 0x000000008dd00000, 0x000000008dd00000|100%| E|CS|TAMS 0x000000008dc00000, 0x000000008dc00000| Complete 
|  59|0x000000008dd00000, 0x000000008de00000, 0x000000008de00000|100%| E|CS|TAMS 0x000000008dd00000, 0x000000008dd00000| Complete 
|  60|0x000000008de00000, 0x000000008df00000, 0x000000008df00000|100%| E|CS|TAMS 0x000000008de00000, 0x000000008de00000| Complete 
|  61|0x000000008df00000, 0x000000008e000000, 0x000000008e000000|100%| E|CS|TAMS 0x000000008df00000, 0x000000008df00000| Complete 
|  62|0x000000008e000000, 0x000000008e100000, 0x000000008e100000|100%| E|CS|TAMS 0x000000008e000000, 0x000000008e000000| Complete 
|  63|0x000000008e100000, 0x000000008e200000, 0x000000008e200000|100%| E|CS|TAMS 0x000000008e100000, 0x000000008e100000| Complete 
|  64|0x000000008e200000, 0x000000008e300000, 0x000000008e300000|100%| E|CS|TAMS 0x000000008e200000, 0x000000008e200000| Complete 
|  65|0x000000008e300000, 0x000000008e400000, 0x000000008e400000|100%| E|CS|TAMS 0x000000008e300000, 0x000000008e300000| Complete 
|  66|0x000000008e400000, 0x000000008e500000, 0x000000008e500000|100%| E|  |TAMS 0x000000008e400000, 0x000000008e400000| Complete 
|  67|0x000000008e500000, 0x000000008e600000, 0x000000008e600000|100%| E|CS|TAMS 0x000000008e500000, 0x000000008e500000| Complete 
|  68|0x000000008e600000, 0x000000008e700000, 0x000000008e700000|100%| E|CS|TAMS 0x000000008e600000, 0x000000008e600000| Complete 
|  69|0x000000008e700000, 0x000000008e800000, 0x000000008e800000|100%| E|CS|TAMS 0x000000008e700000, 0x000000008e700000| Complete 
|  70|0x000000008e800000, 0x000000008e900000, 0x000000008e900000|100%| E|CS|TAMS 0x000000008e800000, 0x000000008e800000| Complete 
| 117|0x0000000091700000, 0x0000000091800000, 0x0000000091800000|100%| E|CS|TAMS 0x0000000091700000, 0x0000000091700000| Complete 

Card table byte_map: [0x000001e562560000,0x000001e562910000] _byte_map_base: 0x000001e56210f000

Marking Bits (Prev, Next): (CMBitMap*) 0x000001e54b1502a0, (CMBitMap*) 0x000001e54b150260
 Prev Bits: [0x000001e564a40000, 0x000001e5667b8000)
 Next Bits: [0x000001e562cc0000, 0x000001e564a38000)

Polling page: 0x000001e54a8a0000

Metaspace:

Usage:
  Non-class:     59.90 MB used.
      Class:      9.06 MB used.
       Both:     68.97 MB used.

Virtual space:
  Non-class space:       64.00 MB reserved,      60.19 MB ( 94%) committed,  1 nodes.
      Class space:        1.00 GB reserved,       9.31 MB ( <1%) committed,  1 nodes.
             Both:        1.06 GB reserved,      69.50 MB (  6%) committed. 

Chunk freelists:
   Non-Class:  3.72 MB
       Class:  6.67 MB
        Both:  10.39 MB

MaxMetaspaceSize: unlimited
CompressedClassSpaceSize: 1.00 GB
Initial GC threshold: 21.00 MB
Current GC threshold: 97.94 MB
CDS: on
MetaspaceReclaimPolicy: balanced
 - commit_granule_bytes: 65536.
 - commit_granule_words: 8192.
 - virtual_space_node_default_size: 8388608.
 - enlarge_chunks_in_place: 1.
 - new_chunks_are_fully_committed: 0.
 - uncommit_free_chunks: 1.
 - use_allocation_guard: 0.
 - handle_deallocations: 1.


Internal statistics:

num_allocs_failed_limit: 6.
num_arena_births: 652.
num_arena_deaths: 2.
num_vsnodes_births: 2.
num_vsnodes_deaths: 0.
num_space_committed: 1112.
num_space_uncommitted: 0.
num_chunks_returned_to_freelist: 9.
num_chunks_taken_from_freelist: 3224.
num_chunk_merges: 6.
num_chunk_splits: 2215.
num_chunks_enlarged: 1646.
num_inconsistent_stats: 0.

CodeHeap 'non-profiled nmethods': size=120000Kb used=4723Kb max_used=5500Kb free=115276Kb
 bounds [0x000001e55a730000, 0x000001e55ac90000, 0x000001e561c60000]
CodeHeap 'profiled nmethods': size=120000Kb used=13518Kb max_used=13905Kb free=106481Kb
 bounds [0x000001e552c60000, 0x000001e553a00000, 0x000001e55a190000]
CodeHeap 'non-nmethods': size=5760Kb used=1361Kb max_used=1433Kb free=4398Kb
 bounds [0x000001e55a190000, 0x000001e55a400000, 0x000001e55a730000]
 total_blobs=8210 nmethods=7518 adapters=603
 compilation: enabled
              stopped_count=0, restarted_count=0
 full_count=0

Compilation events (20 events):
Event: 3573.427 Thread 0x000001e56941a1b0 8975       3       javax.crypto.spec.SecretKeySpec::<init> (109 bytes)
Event: 3573.428 Thread 0x000001e56941a1b0 nmethod 8975 0x000001e553006490 code [0x000001e5530066e0, 0x000001e553006f98]
Event: 3573.428 Thread 0x000001e56941a1b0 8976       3       sun.security.util.AlgorithmDecomposer::decomposeImpl (128 bytes)
Event: 3573.428 Thread 0x000001e56941a1b0 nmethod 8976 0x000001e55348ba10 code [0x000001e55348bc80, 0x000001e55348c928]
Event: 3573.432 Thread 0x000001e56941a1b0 8979       3       java.lang.String::valueOf (5 bytes)
Event: 3573.432 Thread 0x000001e56941a1b0 nmethod 8979 0x000001e553006110 code [0x000001e5530062c0, 0x000001e5530063c8]
Event: 3573.433 Thread 0x000001e56941a1b0 8980       3       com.mysql.cj.protocol.a.NativeServerSession::getServerVersion (8 bytes)
Event: 3573.434 Thread 0x000001e56941a1b0 nmethod 8980 0x000001e553005b10 code [0x000001e553005ca0, 0x000001e553005dd8]
Event: 3573.434 Thread 0x000001e56941a1b0 8982   !   3       sun.security.ssl.SSLSocketImpl::readApplicationRecord (138 bytes)
Event: 3573.434 Thread 0x000001e56941a1b0 nmethod 8982 0x000001e5534a4710 code [0x000001e5534a4a00, 0x000001e5534a5778]
Event: 3573.434 Thread 0x000001e56941a1b0 8981       3       com.mysql.cj.protocol.a.TimeTrackingPacketSender::send (28 bytes)
Event: 3573.434 Thread 0x000001e56941a1b0 nmethod 8981 0x000001e553591110 code [0x000001e5535912c0, 0x000001e5535914c8]
Event: 3573.434 Thread 0x000001e56941a1b0 8983   !   3       sun.nio.ch.NioSocketImpl::setOption (545 bytes)
Event: 3573.437 Thread 0x000001e56941a1b0 nmethod 8983 0x000001e552fe4610 code [0x000001e552fe4c20, 0x000001e552fe7ad8]
Event: 3573.448 Thread 0x000001e5694132c0 nmethod 8972 0x000001e55a9a1510 code [0x000001e55a9a1720, 0x000001e55a9a2818]
Event: 3573.448 Thread 0x000001e5694132c0 8978       4       jdk.internal.misc.Unsafe::getIntUnaligned (12 bytes)
Event: 3573.448 Thread 0x000001e5694132c0 nmethod 8978 0x000001e55a9a0f90 code [0x000001e55a9a1120, 0x000001e55a9a11b8]
Event: 3573.448 Thread 0x000001e5694132c0 8977       4       java.math.BigInteger::implMultiplyToLen (216 bytes)
Event: 3573.461 Thread 0x000001e5694132c0 nmethod 8977 0x000001e55aa77a90 code [0x000001e55aa77c20, 0x000001e55aa784d8]
Event: 3573.461 Thread 0x000001e5694132c0 8973       4       sun.security.ec.ECOperations::setSum (815 bytes)

GC Heap History (20 events):
Event: 558.640 GC heap before
{Heap before GC invocations=22 (full 0):
 garbage-first heap   total 73728K, used 59583K [0x000000008a200000, 0x0000000100000000)
  region size 1024K, 27 young (27648K), 1 survivors (1024K)
 Metaspace       used 63036K, committed 63488K, reserved 1114112K
  class space    used 8408K, committed 8640K, reserved 1048576K
}
Event: 558.660 GC heap after
{Heap after GC invocations=23 (full 0):
 garbage-first heap   total 73728K, used 32886K [0x000000008a200000, 0x0000000100000000)
  region size 1024K, 1 young (1024K), 1 survivors (1024K)
 Metaspace       used 63036K, committed 63488K, reserved 1114112K
  class space    used 8408K, committed 8640K, reserved 1048576K
}
Event: 915.209 GC heap before
{Heap before GC invocations=23 (full 0):
 garbage-first heap   total 73728K, used 60534K [0x000000008a200000, 0x0000000100000000)
  region size 1024K, 28 young (28672K), 1 survivors (1024K)
 Metaspace       used 63049K, committed 63552K, reserved 1114112K
  class space    used 8408K, committed 8640K, reserved 1048576K
}
Event: 915.213 GC heap after
{Heap after GC invocations=24 (full 0):
 garbage-first heap   total 73728K, used 32772K [0x000000008a200000, 0x0000000100000000)
  region size 1024K, 1 young (1024K), 1 survivors (1024K)
 Metaspace       used 63049K, committed 63552K, reserved 1114112K
  class space    used 8408K, committed 8640K, reserved 1048576K
}
Event: 1285.048 GC heap before
{Heap before GC invocations=24 (full 0):
 garbage-first heap   total 73728K, used 61444K [0x000000008a200000, 0x0000000100000000)
  region size 1024K, 29 young (29696K), 1 survivors (1024K)
 Metaspace       used 63062K, committed 63552K, reserved 1114112K
  class space    used 8408K, committed 8640K, reserved 1048576K
}
Event: 1285.055 GC heap after
{Heap after GC invocations=25 (full 0):
 garbage-first heap   total 73728K, used 32745K [0x000000008a200000, 0x0000000100000000)
  region size 1024K, 1 young (1024K), 1 survivors (1024K)
 Metaspace       used 63062K, committed 63552K, reserved 1114112K
  class space    used 8408K, committed 8640K, reserved 1048576K
}
Event: 1657.122 GC heap before
{Heap before GC invocations=25 (full 0):
 garbage-first heap   total 73728K, used 61417K [0x000000008a200000, 0x0000000100000000)
  region size 1024K, 29 young (29696K), 1 survivors (1024K)
 Metaspace       used 63066K, committed 63552K, reserved 1114112K
  class space    used 8408K, committed 8640K, reserved 1048576K
}
Event: 1657.138 GC heap after
{Heap after GC invocations=26 (full 0):
 garbage-first heap   total 73728K, used 32718K [0x000000008a200000, 0x0000000100000000)
  region size 1024K, 1 young (1024K), 1 survivors (1024K)
 Metaspace       used 63066K, committed 63552K, reserved 1114112K
  class space    used 8408K, committed 8640K, reserved 1048576K
}
Event: 1974.267 GC heap before
{Heap before GC invocations=26 (full 0):
 garbage-first heap   total 73728K, used 62414K [0x000000008a200000, 0x0000000100000000)
  region size 1024K, 30 young (30720K), 1 survivors (1024K)
 Metaspace       used 63225K, committed 63680K, reserved 1114112K
  class space    used 8418K, committed 8640K, reserved 1048576K
}
Event: 1974.284 GC heap after
{Heap after GC invocations=27 (full 0):
 garbage-first heap   total 73728K, used 33320K [0x000000008a200000, 0x0000000100000000)
  region size 1024K, 2 young (2048K), 2 survivors (2048K)
 Metaspace       used 63225K, committed 63680K, reserved 1114112K
  class space    used 8418K, committed 8640K, reserved 1048576K
}
Event: 2344.004 GC heap before
{Heap before GC invocations=27 (full 0):
 garbage-first heap   total 73728K, used 61992K [0x000000008a200000, 0x0000000100000000)
  region size 1024K, 30 young (30720K), 2 survivors (2048K)
 Metaspace       used 63225K, committed 63680K, reserved 1114112K
  class space    used 8418K, committed 8640K, reserved 1048576K
}
Event: 2344.006 GC heap after
{Heap after GC invocations=28 (full 0):
 garbage-first heap   total 73728K, used 33319K [0x000000008a200000, 0x0000000100000000)
  region size 1024K, 2 young (2048K), 2 survivors (2048K)
 Metaspace       used 63225K, committed 63680K, reserved 1114112K
  class space    used 8418K, committed 8640K, reserved 1048576K
}
Event: 2712.998 GC heap before
{Heap before GC invocations=28 (full 0):
 garbage-first heap   total 73728K, used 61991K [0x000000008a200000, 0x0000000100000000)
  region size 1024K, 30 young (30720K), 2 survivors (2048K)
 Metaspace       used 63257K, committed 63680K, reserved 1114112K
  class space    used 8418K, committed 8640K, reserved 1048576K
}
Event: 2713.001 GC heap after
{Heap after GC invocations=29 (full 0):
 garbage-first heap   total 73728K, used 33324K [0x000000008a200000, 0x0000000100000000)
  region size 1024K, 2 young (2048K), 2 survivors (2048K)
 Metaspace       used 63257K, committed 63680K, reserved 1114112K
  class space    used 8418K, committed 8640K, reserved 1048576K
}
Event: 3077.605 GC heap before
{Heap before GC invocations=29 (full 0):
 garbage-first heap   total 73728K, used 61996K [0x000000008a200000, 0x0000000100000000)
  region size 1024K, 30 young (30720K), 2 survivors (2048K)
 Metaspace       used 63257K, committed 63680K, reserved 1114112K
  class space    used 8418K, committed 8640K, reserved 1048576K
}
Event: 3077.608 GC heap after
{Heap after GC invocations=30 (full 0):
 garbage-first heap   total 73728K, used 33332K [0x000000008a200000, 0x0000000100000000)
  region size 1024K, 2 young (2048K), 2 survivors (2048K)
 Metaspace       used 63257K, committed 63680K, reserved 1114112K
  class space    used 8418K, committed 8640K, reserved 1048576K
}
Event: 3442.396 GC heap before
{Heap before GC invocations=30 (full 0):
 garbage-first heap   total 73728K, used 62004K [0x000000008a200000, 0x0000000100000000)
  region size 1024K, 30 young (30720K), 2 survivors (2048K)
 Metaspace       used 63257K, committed 63680K, reserved 1114112K
  class space    used 8418K, committed 8640K, reserved 1048576K
}
Event: 3442.472 GC heap after
{Heap after GC invocations=31 (full 0):
 garbage-first heap   total 73728K, used 33307K [0x000000008a200000, 0x0000000100000000)
  region size 1024K, 2 young (2048K), 2 survivors (2048K)
 Metaspace       used 63257K, committed 63680K, reserved 1114112K
  class space    used 8418K, committed 8640K, reserved 1048576K
}
Event: 3473.008 GC heap before
{Heap before GC invocations=31 (full 0):
 garbage-first heap   total 73728K, used 60955K [0x000000008a200000, 0x0000000100000000)
  region size 1024K, 30 young (30720K), 2 survivors (2048K)
 Metaspace       used 69363K, committed 69888K, reserved 1114112K
  class space    used 9148K, committed 9408K, reserved 1048576K
}
Event: 3473.023 GC heap after
{Heap after GC invocations=32 (full 0):
 garbage-first heap   total 73728K, used 35680K [0x000000008a200000, 0x0000000100000000)
  region size 1024K, 4 young (4096K), 4 survivors (4096K)
 Metaspace       used 69363K, committed 69888K, reserved 1114112K
  class space    used 9148K, committed 9408K, reserved 1048576K
}

Dll operation events (13 events):
Event: 0.015 Loaded shared library C:\Users\MSI 2022\.jdks\corretto-17.0.17\bin\java.dll
Event: 0.036 Loaded shared library C:\Users\MSI 2022\.jdks\corretto-17.0.17\bin\jsvml.dll
Event: 0.196 Loaded shared library C:\Users\MSI 2022\.jdks\corretto-17.0.17\bin\zip.dll
Event: 0.201 Loaded shared library C:\Users\MSI 2022\.jdks\corretto-17.0.17\bin\instrument.dll
Event: 0.210 Loaded shared library C:\Users\MSI 2022\.jdks\corretto-17.0.17\bin\net.dll
Event: 0.213 Loaded shared library C:\Users\MSI 2022\.jdks\corretto-17.0.17\bin\nio.dll
Event: 0.215 Loaded shared library C:\Users\MSI 2022\.jdks\corretto-17.0.17\bin\zip.dll
Event: 0.448 Loaded shared library C:\Users\MSI 2022\.jdks\corretto-17.0.17\bin\extnet.dll
Event: 0.484 Loaded shared library C:\Users\MSI 2022\.jdks\corretto-17.0.17\bin\verify.dll
Event: 0.497 Loaded shared library C:\Users\MSI 2022\.jdks\corretto-17.0.17\bin\jimage.dll
Event: 1.182 Loaded shared library C:\Users\MSI 2022\.jdks\corretto-17.0.17\bin\management.dll
Event: 1.187 Loaded shared library C:\Users\MSI 2022\.jdks\corretto-17.0.17\bin\management_ext.dll
Event: 6.971 Loaded shared library C:\Users\MSI 2022\.jdks\corretto-17.0.17\bin\sunmscapi.dll

Deoptimization events (20 events):
Event: 3556.236 Thread 0x000001e570530e00 Uncommon trap: trap_request=0xffffffbe fr.pc=0x000001e55aba4ea8 relative=0x0000000000000568
Event: 3556.236 Thread 0x000001e570530e00 Uncommon trap: reason=profile_predicate action=maybe_recompile pc=0x000001e55aba4ea8 method=com.sun.crypto.provider.HmacCore.engineInit(Ljava/security/Key;Ljava/security/spec/AlgorithmParameterSpec;)V @ 88 c2
Event: 3556.236 Thread 0x000001e570530e00 DEOPT PACKING pc=0x000001e55aba4ea8 sp=0x00000039c94fe050
Event: 3556.236 Thread 0x000001e570530e00 DEOPT UNPACKING pc=0x000001e55a1e69a3 sp=0x00000039c94fdfe8 mode 2
Event: 3556.236 Thread 0x000001e570530e00 Uncommon trap: trap_request=0xffffffbe fr.pc=0x000001e55aba4ea8 relative=0x0000000000000568
Event: 3556.236 Thread 0x000001e570530e00 Uncommon trap: reason=profile_predicate action=maybe_recompile pc=0x000001e55aba4ea8 method=com.sun.crypto.provider.HmacCore.engineInit(Ljava/security/Key;Ljava/security/spec/AlgorithmParameterSpec;)V @ 88 c2
Event: 3556.236 Thread 0x000001e570530e00 DEOPT PACKING pc=0x000001e55aba4ea8 sp=0x00000039c94fdfb0
Event: 3556.236 Thread 0x000001e570530e00 DEOPT UNPACKING pc=0x000001e55a1e69a3 sp=0x00000039c94fdf48 mode 2
Event: 3556.236 Thread 0x000001e570530e00 Uncommon trap: trap_request=0xffffffbe fr.pc=0x000001e55aba4ea8 relative=0x0000000000000568
Event: 3556.236 Thread 0x000001e570530e00 Uncommon trap: reason=profile_predicate action=maybe_recompile pc=0x000001e55aba4ea8 method=com.sun.crypto.provider.HmacCore.engineInit(Ljava/security/Key;Ljava/security/spec/AlgorithmParameterSpec;)V @ 88 c2
Event: 3556.236 Thread 0x000001e570530e00 DEOPT PACKING pc=0x000001e55aba4ea8 sp=0x00000039c94fe0d0
Event: 3556.236 Thread 0x000001e570530e00 DEOPT UNPACKING pc=0x000001e55a1e69a3 sp=0x00000039c94fe068 mode 2
Event: 3556.236 Thread 0x000001e570530e00 Uncommon trap: trap_request=0xffffffbe fr.pc=0x000001e55aba4ea8 relative=0x0000000000000568
Event: 3556.236 Thread 0x000001e570530e00 Uncommon trap: reason=profile_predicate action=maybe_recompile pc=0x000001e55aba4ea8 method=com.sun.crypto.provider.HmacCore.engineInit(Ljava/security/Key;Ljava/security/spec/AlgorithmParameterSpec;)V @ 88 c2
Event: 3556.236 Thread 0x000001e570530e00 DEOPT PACKING pc=0x000001e55aba4ea8 sp=0x00000039c94fe0d0
Event: 3556.236 Thread 0x000001e570530e00 DEOPT UNPACKING pc=0x000001e55a1e69a3 sp=0x00000039c94fe068 mode 2
Event: 3556.238 Thread 0x000001e570530e00 DEOPT PACKING pc=0x000001e5538c989b sp=0x00000039c94fdcd0
Event: 3556.239 Thread 0x000001e570530e00 DEOPT UNPACKING pc=0x000001e55a1e7143 sp=0x00000039c94fd140 mode 0
Event: 3573.428 Thread 0x000001e5705303e0 DEOPT PACKING pc=0x000001e5538e6f9c sp=0x00000039c94fd8d0
Event: 3573.428 Thread 0x000001e5705303e0 DEOPT UNPACKING pc=0x000001e55a1e7143 sp=0x00000039c94fcd50 mode 0

Classes loaded (20 events):
Event: 3473.348 Loading class java/util/concurrent/atomic/AtomicReferenceFieldUpdater$AtomicReferenceFieldUpdaterImpl
Event: 3473.349 Loading class java/util/concurrent/atomic/AtomicReferenceFieldUpdater$AtomicReferenceFieldUpdaterImpl done
Event: 3473.349 Loading class java/util/concurrent/atomic/AtomicReferenceFieldUpdater$AtomicReferenceFieldUpdaterImpl$1
Event: 3473.349 Loading class java/util/concurrent/atomic/AtomicReferenceFieldUpdater$AtomicReferenceFieldUpdaterImpl$1 done
Event: 3478.197 Loading class sun/nio/ch/IOVecWrapper
Event: 3478.197 Loading class sun/nio/ch/IOVecWrapper done
Event: 3478.198 Loading class sun/nio/ch/AllocatedNativeObject
Event: 3478.198 Loading class sun/nio/ch/NativeObject
Event: 3478.198 Loading class sun/nio/ch/NativeObject done
Event: 3478.198 Loading class sun/nio/ch/AllocatedNativeObject done
Event: 3478.198 Loading class sun/nio/ch/IOVecWrapper$Deallocator
Event: 3478.199 Loading class sun/nio/ch/IOVecWrapper$Deallocator done
Event: 3478.264 Loading class sun/reflect/Reflection
Event: 3478.264 Loading class sun/reflect/Reflection done
Event: 3478.283 Loading class java/lang/Throwable$WrappedPrintWriter
Event: 3478.283 Loading class java/lang/Throwable$PrintStreamOrWriter
Event: 3478.283 Loading class java/lang/Throwable$PrintStreamOrWriter done
Event: 3478.283 Loading class java/lang/Throwable$WrappedPrintWriter done
Event: 3536.762 Loading class java/nio/channels/InterruptedByTimeoutException
Event: 3536.762 Loading class java/nio/channels/InterruptedByTimeoutException done

Classes unloaded (1 events):
Event: 10.702 Thread 0x000001e5693f6dc0 Unloading class 0x000001e5017a8800 'jdk/internal/reflect/GeneratedSerializationConstructorAccessor1'

Classes redefined (0 events):
No events

Internal exceptions (20 events):
Event: 1800.030 Thread 0x000001e5705303e0 Exception <a 'java/io/IOException'{0x000000008dcaaee0}: Connection reset by peer> (0x000000008dcaaee0) 
thrown [s\src\hotspot\share\prims\jni.cpp, line 535]
Event: 1800.030 Thread 0x000001e5705303e0 Exception <a 'sun/net/ConnectionResetException'{0x000000008dcab9e0}: Connection reset> (0x000000008dcab9e0) 
thrown [s\src\hotspot\share\prims\jni.cpp, line 535]
Event: 1801.059 Thread 0x000001e5705303e0 Exception <a 'java/io/IOException'{0x000000008dcad7a0}: Connection reset by peer> (0x000000008dcad7a0) 
thrown [s\src\hotspot\share\prims\jni.cpp, line 535]
Event: 1801.062 Thread 0x000001e5705303e0 Exception <a 'java/io/IOException'{0x000000008d901ed0}: Connection reset by peer> (0x000000008d901ed0) 
thrown [s\src\hotspot\share\prims\jni.cpp, line 535]
Event: 1801.062 Thread 0x000001e5705303e0 Exception <a 'java/io/IOException'{0x000000008d902a08}: Connection reset by peer> (0x000000008d902a08) 
thrown [s\src\hotspot\share\prims\jni.cpp, line 535]
Event: 1801.062 Thread 0x000001e5705303e0 Exception <a 'sun/net/ConnectionResetException'{0x000000008d903508}: Connection reset> (0x000000008d903508) 
thrown [s\src\hotspot\share\prims\jni.cpp, line 535]
Event: 3459.612 Thread 0x000001e57052cc30 Implicit null exception at 0x000001e55a8abad9 to 0x000001e55a8abb5c
Event: 3459.614 Thread 0x000001e57052cc30 Implicit null exception at 0x000001e55aa9ddb2 to 0x000001e55aa9e8d0
Event: 3459.615 Thread 0x000001e574a088f0 Implicit null exception at 0x000001e55a92f730 to 0x000001e55a92fcf8
Event: 3459.615 Thread 0x000001e57052cc30 Implicit null exception at 0x000001e55a8e926a to 0x000001e55a8edbd4
Event: 3459.615 Thread 0x000001e574a088f0 Implicit null exception at 0x000001e55a8e926a to 0x000001e55a8edbd4
Event: 3460.280 Thread 0x000001e574a088f0 Exception <a 'java/lang/NoSuchMethodError'{0x000000008db044b8}: 'java.lang.Object java.lang.invoke.DirectMethodHandle$Holder.invokeStaticInit(java.lang.Object, java.lang.Object, java.lang.Object, java.lang.Object, java.lang.Object, java.lang.Object)'> (0x000000008db044b8) 
thrown [s\src\hotspot\share\interpreter\linkResolver.cpp, line 759]
Event: 3473.167 Thread 0x000001e57052d650 Implicit null exception at 0x000001e55a9efef2 to 0x000001e55a9f04dc
Event: 3478.253 Thread 0x000001e57052cc30 Exception <a 'java/lang/reflect/InvocationTargetException'{0x000000008e363358}> (0x000000008e363358) 
thrown [s\src\hotspot\share\runtime\reflection.cpp, line 1128]
Event: 3478.264 Thread 0x000001e57052cc30 Exception <a 'java/lang/NoClassDefFoundError'{0x000000008e39a1c0}: sun/reflect/Reflection> (0x000000008e39a1c0) 
thrown [s\src\hotspot\share\classfile\systemDictionary.cpp, line 245]
Event: 3483.226 Thread 0x000001e57052d650 Exception <a 'java/lang/reflect/InvocationTargetException'{0x000000008e1f06b8}> (0x000000008e1f06b8) 
thrown [s\src\hotspot\share\runtime\reflection.cpp, line 1128]
Event: 3536.761 Thread 0x000001e57052d650 Exception <a 'sun/net/ConnectionResetException'{0x000000008e09fb00}: Connection reset> (0x000000008e09fb00) 
thrown [s\src\hotspot\share\prims\jni.cpp, line 535]
Event: 3536.762 Thread 0x000001e57052d650 Exception <a 'java/io/IOException'{0x000000008e0a0540}: Connection reset by peer> (0x000000008e0a0540) 
thrown [s\src\hotspot\share\prims\jni.cpp, line 535]
Event: 3536.862 Thread 0x000001e57052c720 Exception <a 'sun/net/ConnectionResetException'{0x000000008e0bc090}: Connection reset> (0x000000008e0bc090) 
thrown [s\src\hotspot\share\prims\jni.cpp, line 535]
Event: 3536.863 Thread 0x000001e57052c720 Exception <a 'java/io/IOException'{0x000000008dba1078}: Connection reset by peer> (0x000000008dba1078) 
thrown [s\src\hotspot\share\prims\jni.cpp, line 535]

VM Operations (20 events):
Event: 3487.563 Executing VM operation: HandshakeAllThreads
Event: 3487.563 Executing VM operation: HandshakeAllThreads done
Event: 3489.565 Executing VM operation: Cleanup
Event: 3489.565 Executing VM operation: Cleanup done
Event: 3542.922 Executing VM operation: Cleanup
Event: 3542.922 Executing VM operation: Cleanup done
Event: 3543.924 Executing VM operation: Cleanup
Event: 3543.924 Executing VM operation: Cleanup done
Event: 3546.930 Executing VM operation: Cleanup
Event: 3546.930 Executing VM operation: Cleanup done
Event: 3547.790 Executing VM operation: HandshakeAllThreads
Event: 3547.790 Executing VM operation: HandshakeAllThreads done
Event: 3552.822 Executing VM operation: Cleanup
Event: 3552.822 Executing VM operation: Cleanup done
Event: 3554.830 Executing VM operation: Cleanup
Event: 3554.830 Executing VM operation: Cleanup done
Event: 3567.901 Executing VM operation: Cleanup
Event: 3567.901 Executing VM operation: Cleanup done
Event: 3573.940 Executing VM operation: Cleanup
Event: 3573.940 Executing VM operation: Cleanup done

Memory protections (0 events):
No events

Nmethod flushes (20 events):
Event: 3472.993 Thread 0x000001e569435710 flushing  nmethod 0x000001e553888c10
Event: 3472.993 Thread 0x000001e569435710 flushing  nmethod 0x000001e553896710
Event: 3472.993 Thread 0x000001e569435710 flushing  nmethod 0x000001e55389d310
Event: 3472.993 Thread 0x000001e569435710 flushing  nmethod 0x000001e5538ad910
Event: 3472.994 Thread 0x000001e569435710 flushing  nmethod 0x000001e553918e90
Event: 3472.994 Thread 0x000001e569435710 flushing  nmethod 0x000001e553919290
Event: 3472.994 Thread 0x000001e569435710 flushing  nmethod 0x000001e553919690
Event: 3472.994 Thread 0x000001e569435710 flushing  nmethod 0x000001e55393b510
Event: 3472.994 Thread 0x000001e569435710 flushing  nmethod 0x000001e55393d190
Event: 3472.994 Thread 0x000001e569435710 flushing  nmethod 0x000001e55393e290
Event: 3472.994 Thread 0x000001e569435710 flushing  nmethod 0x000001e55396af90
Event: 3472.994 Thread 0x000001e569435710 flushing  nmethod 0x000001e55396d010
Event: 3472.994 Thread 0x000001e569435710 flushing  nmethod 0x000001e55398a210
Event: 3472.994 Thread 0x000001e569435710 flushing  nmethod 0x000001e55398c190
Event: 3472.994 Thread 0x000001e569435710 flushing  nmethod 0x000001e55398db90
Event: 3472.994 Thread 0x000001e569435710 flushing  nmethod 0x000001e55398df90
Event: 3472.994 Thread 0x000001e569435710 flushing  nmethod 0x000001e55398e290
Event: 3472.994 Thread 0x000001e569435710 flushing  nmethod 0x000001e5539ac090
Event: 3472.994 Thread 0x000001e569435710 flushing  nmethod 0x000001e5539ac490
Event: 3472.994 Thread 0x000001e569435710 flushing  nmethod 0x000001e5539ac990

Events (20 events):
Event: 3473.359 Thread 0x000001e57052bd00 Thread added: 0x000001e570533680
Event: 3478.214 Thread 0x000001e572527c30 Thread exited: 0x000001e572527c30
Event: 3478.214 Thread 0x000001e572524c60 Thread exited: 0x000001e572524c60
Event: 3481.771 Thread 0x000001e56941a1b0 Thread added: 0x000001e5725261a0
Event: 3482.550 Thread 0x000001e5725261a0 Thread exited: 0x000001e5725261a0
Event: 3537.801 Thread 0x000001e570533680 Thread exited: 0x000001e570533680
Event: 3542.589 Thread 0x000001e574a07ed0 Thread added: 0x000001e570530e00
Event: 3542.589 Thread 0x000001e574a07ed0 Thread added: 0x000001e570533680
Event: 3551.585 Thread 0x000001e570530e00 Thread exited: 0x000001e570530e00
Event: 3551.601 Thread 0x000001e570533680 Thread exited: 0x000001e570533680
Event: 3552.046 Thread 0x000001e574a07ed0 Thread added: 0x000001e570532240
Event: 3552.046 Thread 0x000001e574a07ed0 Thread added: 0x000001e570530e00
Event: 3564.972 Thread 0x000001e570532240 Thread exited: 0x000001e570532240
Event: 3564.988 Thread 0x000001e570530e00 Thread exited: 0x000001e570530e00
Event: 3566.973 Thread 0x000001e574a07ed0 Thread added: 0x000001e570533680
Event: 3566.973 Thread 0x000001e574a07ed0 Thread added: 0x000001e570531820
Event: 3571.991 Thread 0x000001e570533680 Thread exited: 0x000001e570533680
Event: 3572.006 Thread 0x000001e570531820 Thread exited: 0x000001e570531820
Event: 3573.416 Thread 0x000001e574a07ed0 Thread added: 0x000001e570533680
Event: 3573.416 Thread 0x000001e574a07ed0 Thread added: 0x000001e5705303e0


Dynamic libraries:
0x00007ff743420000 - 0x00007ff74342e000 	C:\Users\MSI 2022\.jdks\corretto-17.0.17\bin\java.exe
0x00007ff9f9a20000 - 0x00007ff9f9c88000 	C:\WINDOWS\SYSTEM32\ntdll.dll
0x00007ff9f8850000 - 0x00007ff9f8919000 	C:\WINDOWS\System32\KERNEL32.DLL
0x00007ff9f6e50000 - 0x00007ff9f7242000 	C:\WINDOWS\System32\KERNELBASE.dll
0x00007ff9f7280000 - 0x00007ff9f73cb000 	C:\WINDOWS\System32\ucrtbase.dll
0x00007ff9e8d70000 - 0x00007ff9e8d88000 	C:\Users\MSI 2022\.jdks\corretto-17.0.17\bin\jli.dll
0x00007ff9ec6e0000 - 0x00007ff9ec6fe000 	C:\Users\MSI 2022\.jdks\corretto-17.0.17\bin\VCRUNTIME140.dll
0x00007ff9f85c0000 - 0x00007ff9f8785000 	C:\WINDOWS\System32\USER32.dll
0x00007ff9e0790000 - 0x00007ff9e0a23000 	C:\WINDOWS\WinSxS\amd64_microsoft.windows.common-controls_6595b64144ccf1df_6.0.26100.6899_none_3e0efeeae32e88c1\COMCTL32.dll
0x00007ff9f7c10000 - 0x00007ff9f7cb9000 	C:\WINDOWS\System32\msvcrt.dll
0x00007ff9f7250000 - 0x00007ff9f7277000 	C:\WINDOWS\System32\win32u.dll
0x00007ff9f7b50000 - 0x00007ff9f7b7b000 	C:\WINDOWS\System32\GDI32.dll
0x00007ff9f7550000 - 0x00007ff9f767d000 	C:\WINDOWS\System32\gdi32full.dll
0x00007ff9f6bb0000 - 0x00007ff9f6c53000 	C:\WINDOWS\System32\msvcp_win.dll
0x00007ff9f90d0000 - 0x00007ff9f90ff000 	C:\WINDOWS\System32\IMM32.DLL
0x00007ff9ec6d0000 - 0x00007ff9ec6dc000 	C:\Users\MSI 2022\.jdks\corretto-17.0.17\bin\vcruntime140_1.dll
0x00007ff98d080000 - 0x00007ff98d109000 	C:\Users\MSI 2022\.jdks\corretto-17.0.17\bin\msvcp140.dll
0x00007ff98c400000 - 0x00007ff98d074000 	C:\Users\MSI 2022\.jdks\corretto-17.0.17\bin\server\jvm.dll
0x00007ff9f8790000 - 0x00007ff9f8844000 	C:\WINDOWS\System32\ADVAPI32.dll
0x00007ff9f7cc0000 - 0x00007ff9f7d66000 	C:\WINDOWS\System32\sechost.dll
0x00007ff9f8dd0000 - 0x00007ff9f8ee8000 	C:\WINDOWS\System32\RPCRT4.dll
0x00007ff9f9960000 - 0x00007ff9f99d4000 	C:\WINDOWS\System32\WS2_32.dll
0x00007ff9f6a10000 - 0x00007ff9f6a6e000 	C:\WINDOWS\SYSTEM32\POWRPROF.dll
0x00007ff9f02b0000 - 0x00007ff9f02bb000 	C:\WINDOWS\SYSTEM32\VERSION.dll
0x00007ff9ef9c0000 - 0x00007ff9ef9f5000 	C:\WINDOWS\SYSTEM32\WINMM.dll
0x00007ff9f69f0000 - 0x00007ff9f6a04000 	C:\WINDOWS\SYSTEM32\UMPDC.dll
0x00007ff9f5950000 - 0x00007ff9f596b000 	C:\WINDOWS\SYSTEM32\kernel.appcore.dll
0x00007ff9e8d60000 - 0x00007ff9e8d6a000 	C:\Users\MSI 2022\.jdks\corretto-17.0.17\bin\jimage.dll
0x00007ff9e9c30000 - 0x00007ff9e9e72000 	C:\WINDOWS\SYSTEM32\DBGHELP.DLL
0x00007ff9f8a20000 - 0x00007ff9f8d9b000 	C:\WINDOWS\System32\combase.dll
0x00007ff9f7910000 - 0x00007ff9f79e7000 	C:\WINDOWS\System32\OLEAUT32.dll
0x00007ff9e0d80000 - 0x00007ff9e0dbc000 	C:\WINDOWS\SYSTEM32\dbgcore.DLL
0x00007ff9f6db0000 - 0x00007ff9f6e48000 	C:\WINDOWS\System32\bcryptPrimitives.dll
0x00007ff9c9990000 - 0x00007ff9c999f000 	C:\Users\MSI 2022\.jdks\corretto-17.0.17\bin\instrument.dll
0x00007ff994250000 - 0x00007ff994276000 	C:\Users\MSI 2022\.jdks\corretto-17.0.17\bin\java.dll
0x00007ff98c320000 - 0x00007ff98c3f7000 	C:\Users\MSI 2022\.jdks\corretto-17.0.17\bin\jsvml.dll
0x00007ff9f9210000 - 0x00007ff9f995d000 	C:\WINDOWS\System32\SHELL32.dll
0x00007ff9f7680000 - 0x00007ff9f77eb000 	C:\WINDOWS\System32\wintypes.dll
0x00007ff9f47c0000 - 0x00007ff9f501d000 	C:\WINDOWS\SYSTEM32\windows.storage.dll
0x00007ff9f7a40000 - 0x00007ff9f7b32000 	C:\WINDOWS\System32\SHCORE.dll
0x00007ff9f8920000 - 0x00007ff9f8982000 	C:\WINDOWS\System32\shlwapi.dll
0x00007ff9f6ad0000 - 0x00007ff9f6af9000 	C:\WINDOWS\SYSTEM32\profapi.dll
0x00007ff995790000 - 0x00007ff9957a8000 	C:\Users\MSI 2022\.jdks\corretto-17.0.17\bin\zip.dll
0x00007ff9c7d20000 - 0x00007ff9c7d3b000 	C:\Users\MSI 2022\.jdks\corretto-17.0.17\bin\net.dll
0x00007ff9efc00000 - 0x00007ff9efd1f000 	C:\WINDOWS\SYSTEM32\WINHTTP.dll
0x00007ff9f5ef0000 - 0x00007ff9f5f5b000 	C:\WINDOWS\system32\mswsock.dll
0x00007ff9abb20000 - 0x00007ff9abb36000 	C:\Users\MSI 2022\.jdks\corretto-17.0.17\bin\nio.dll
0x00007ff9c76c0000 - 0x00007ff9c76c9000 	C:\Users\MSI 2022\.jdks\corretto-17.0.17\bin\extnet.dll
0x00007ff9c7390000 - 0x00007ff9c73a0000 	C:\Users\MSI 2022\.jdks\corretto-17.0.17\bin\verify.dll
0x00007ff9966e0000 - 0x00007ff9966ea000 	C:\Users\MSI 2022\.jdks\corretto-17.0.17\bin\management.dll
0x00007ff995e60000 - 0x00007ff995e6c000 	C:\Users\MSI 2022\.jdks\corretto-17.0.17\bin\management_ext.dll
0x00007ff9f8a10000 - 0x00007ff9f8a18000 	C:\WINDOWS\System32\PSAPI.DLL
0x00007ff9ec620000 - 0x00007ff9ec638000 	C:\WINDOWS\system32\napinsp.dll
0x00007ff9f5320000 - 0x00007ff9f5446000 	C:\WINDOWS\SYSTEM32\DNSAPI.dll
0x00007ff9f52e0000 - 0x00007ff9f5314000 	C:\WINDOWS\SYSTEM32\IPHLPAPI.DLL
0x00007ff9f85b0000 - 0x00007ff9f85ba000 	C:\WINDOWS\System32\NSI.dll
0x00007ff9ec600000 - 0x00007ff9ec612000 	C:\WINDOWS\System32\winrnr.dll
0x00007ff9ec1f0000 - 0x00007ff9ec218000 	C:\WINDOWS\system32\nlansp_c.dll
0x00007ff9ecb10000 - 0x00007ff9ecb26000 	C:\WINDOWS\system32\wshbth.dll
0x00007ff9ecb50000 - 0x00007ff9ecb5b000 	C:\Windows\System32\rasadhlp.dll
0x00007ff9f09a0000 - 0x00007ff9f0a26000 	C:\WINDOWS\System32\fwpuclnt.dll
0x00007ff9f61a0000 - 0x00007ff9f61bb000 	C:\WINDOWS\SYSTEM32\CRYPTSP.dll
0x00007ff9f58b0000 - 0x00007ff9f58eb000 	C:\WINDOWS\system32\rsaenh.dll
0x00007ff9f5f90000 - 0x00007ff9f5fbb000 	C:\WINDOWS\SYSTEM32\USERENV.dll
0x00007ff9f6aa0000 - 0x00007ff9f6ac6000 	C:\WINDOWS\SYSTEM32\bcrypt.dll
0x00007ff9f61c0000 - 0x00007ff9f61cc000 	C:\WINDOWS\SYSTEM32\CRYPTBASE.dll
0x00007ff9f03e0000 - 0x00007ff9f03fe000 	C:\WINDOWS\SYSTEM32\dhcpcsvc6.DLL
0x00007ff9f02f0000 - 0x00007ff9f0313000 	C:\WINDOWS\SYSTEM32\dhcpcsvc.DLL
0x00007ff9c7ff0000 - 0x00007ff9c7ffe000 	C:\Users\MSI 2022\.jdks\corretto-17.0.17\bin\sunmscapi.dll
0x00007ff9f73d0000 - 0x00007ff9f7547000 	C:\WINDOWS\System32\CRYPT32.dll
0x00007ff9f63c0000 - 0x00007ff9f63f0000 	C:\WINDOWS\SYSTEM32\ncrypt.dll
0x00007ff9f6370000 - 0x00007ff9f63af000 	C:\WINDOWS\SYSTEM32\NTASN1.dll
0x00007ff9ec680000 - 0x00007ff9ec688000 	C:\WINDOWS\system32\wshunix.dll

dbghelp: loaded successfully - version: 4.0.5 - missing functions: none
symbol engine: initialized successfully - sym options: 0x614 - pdb path: .;C:\Users\MSI 2022\.jdks\corretto-17.0.17\bin;C:\WINDOWS\SYSTEM32;C:\WINDOWS\WinSxS\amd64_microsoft.windows.common-controls_6595b64144ccf1df_6.0.26100.6899_none_3e0efeeae32e88c1;C:\Users\MSI 2022\.jdks\corretto-17.0.17\bin\server

VM Arguments:
jvm_args: -javaagent:C:\Program Files\JetBrains\IntelliJ IDEA 2025.2.4\lib\idea_rt.jar=62091 -Dfile.encoding=UTF-8 
java_command: vn.fs.MartfuryShopApplication
java_class_path (initial): C:\Users\MSI 2022\Downloads\duantotnghiep\duantotnghiep\workplace\MartfuryShop\target\classes;C:\Users\MSI 2022\.m2\repository\org\springframework\boot\spring-boot-starter-data-jpa\2.6.4\spring-boot-starter-data-jpa-2.6.4.jar;C:\Users\MSI 2022\.m2\repository\org\springframework\boot\spring-boot-starter-aop\2.6.4\spring-boot-starter-aop-2.6.4.jar;C:\Users\MSI 2022\.m2\repository\org\aspectj\aspectjweaver\1.9.7\aspectjweaver-1.9.7.jar;C:\Users\MSI 2022\.m2\repository\org\springframework\boot\spring-boot-starter-jdbc\2.6.4\spring-boot-starter-jdbc-2.6.4.jar;C:\Users\MSI 2022\.m2\repository\com\zaxxer\HikariCP\4.0.3\HikariCP-4.0.3.jar;C:\Users\MSI 2022\.m2\repository\org\springframework\spring-jdbc\5.3.16\spring-jdbc-5.3.16.jar;C:\Users\MSI 2022\.m2\repository\jakarta\transaction\jakarta.transaction-api\1.3.3\jakarta.transaction-api-1.3.3.jar;C:\Users\MSI 2022\.m2\repository\jakarta\persistence\jakarta.persistence-api\2.2.3\jakarta.persistence-api-2.2.3.jar;C:\Users\MSI 2022\.m2\repository\org\hibernate\hibernate-core\5.6.5.Final\hibernate-core-5.6.5.Final.jar;C:\Users\MSI 2022\.m2\repository\org\jboss\logging\jboss-logging\3.4.3.Final\jboss-logging-3.4.3.Final.jar;C:\Users\MSI 2022\.m2\repository\net\bytebuddy\byte-buddy\1.11.22\byte-buddy-1.11.22.jar;C:\Users\MSI 2022\.m2\repository\antlr\antlr\2.7.7\antlr-2.7.7.jar;C:\Users\MSI 2022\.m2\repository\org\jboss\jandex\2.4.2.Final\jandex-2.4.2.Final.jar;C:\Users\MSI 2022\.m2\repository\com\fasterxml\classmate\1.5.1\classmate-1.5.1.jar;C:\Users\MSI 2022\.m2\repository\org\hibernate\common\hibernate-commons-annotations\5.1.2.Final\hibernate-commons-annotations-5.1.2.Final.jar;C:\Users\MSI 2022\.m2\repository\org\glassfish\jaxb\jaxb-runtime\2.3.6\jaxb-runtime-2.3.6.jar;C:\Users\MSI 2022\.m2\repository\org\glassfish\jaxb\txw2\2.3.6\txw2-2.3.6.jar;C:\Users\MSI 2022\.m2\repository\com\sun\istack\istack-commons-runtime\3.0.12\istack-commons-runtime-3.0.12.jar;C:\Users\MSI 2022\.m2\repository\org\spri
Launcher Type: SUN_STANDARD

[Global flags]
     intx CICompilerCount                          = 4                                         {product} {ergonomic}
     uint ConcGCThreads                            = 3                                         {product} {ergonomic}
     uint G1ConcRefinementThreads                  = 10                                        {product} {ergonomic}
   size_t G1HeapRegionSize                         = 1048576                                   {product} {ergonomic}
    uintx GCDrainStackTargetSize                   = 64                                        {product} {ergonomic}
   size_t InitialHeapSize                          = 123731968                                 {product} {ergonomic}
   size_t MarkStackSize                            = 4194304                                   {product} {ergonomic}
   size_t MaxHeapSize                              = 1977614336                                {product} {ergonomic}
   size_t MaxNewSize                               = 1185939456                                {product} {ergonomic}
   size_t MinHeapDeltaBytes                        = 1048576                                   {product} {ergonomic}
   size_t MinHeapSize                              = 8388608                                   {product} {ergonomic}
    uintx NonNMethodCodeHeapSize                   = 5839372                                {pd product} {ergonomic}
    uintx NonProfiledCodeHeapSize                  = 122909434                              {pd product} {ergonomic}
    uintx ProfiledCodeHeapSize                     = 122909434                              {pd product} {ergonomic}
    uintx ReservedCodeCacheSize                    = 251658240                              {pd product} {ergonomic}
     bool SegmentedCodeCache                       = true                                      {product} {ergonomic}
   size_t SoftMaxHeapSize                          = 1977614336                             {manageable} {ergonomic}
     bool UseCompressedClassPointers               = true                           {product lp64_product} {ergonomic}
     bool UseCompressedOops                        = true                           {product lp64_product} {ergonomic}
     bool UseG1GC                                  = true                                      {product} {ergonomic}
     bool UseLargePagesIndividualAllocation        = false                                  {pd product} {ergonomic}

Logging:
Log output configuration:
 #0: stdout all=warning uptime,level,tags
 #1: stderr all=off uptime,level,tags

Environment Variables:
PATH=C:\Program Files\Microsoft MPI\Bin\;C:\Program Files\Common Files\Oracle\Java\javapath;C:\WINDOWS\system32;C:\WINDOWS;C:\WINDOWS\System32\Wbem;C:\WINDOWS\System32\WindowsPowerShell\v1.0\;C:\WINDOWS\System32\OpenSSH\;C:\Program Files (x86)\Microsoft SQL Server\160\Tools\Binn\;C:\Program Files\Microsoft SQL Server\160\Tools\Binn\;C:\Program Files\Microsoft SQL Server\Client SDK\ODBC\170\Tools\Binn\;C:\Program Files\Microsoft SQL Server\160\DTS\Binn\;C:\Program Files (x86)\Microsoft SQL Server\160\DTS\Binn\;C:\Hugo\bin;C:\Program Files\Git\cmd;C:\Program Files\Cloudflare\Cloudflare WARP\;C:\Users\MSI 2022\AppData\Local\nvm;C:\nvm4w\nodejs;C:\Users\MSI 2022\AppData\Local\Microsoft\WindowsApps;C:\Users\MSI 2022\AppData\Local\Programs\Microsoft VS Code\bin;C:\Program Files\Azure Data Studio\bin;C:\Users\MSI 2022\AppData\Local\afreeca;C:\Users\MSI 2022\AppData\Roaming\npm;C:\Users\MSI 2022\AppData\Local\Programs\cursor\resources\app\bin;C:\Users\MSI 2022\AppData\Local\nvm;C:\nvm4w\nodejs
USERNAME=MSI 2022
OS=Windows_NT
PROCESSOR_IDENTIFIER=AMD64 Family 23 Model 104 Stepping 1, AuthenticAMD
TMP=C:\Users\MSI202~1\AppData\Local\Temp
TEMP=C:\Users\MSI202~1\AppData\Local\Temp



Periodic native trim disabled


---------------  S Y S T E M  ---------------

OS:
 Windows 11 , 64 bit Build 26100 (10.0.26100.6725)
OS uptime: 0 days 1:07 hours
Hyper-V role detected

CPU: total 12 (initial active 12) (12 cores per cpu, 2 threads per core) family 23 model 104 stepping 1 microcode 0x8608103, cx8, cmov, fxsr, ht, mmx, 3dnowpref, sse, sse2, sse3, ssse3, sse4a, sse4.1, sse4.2, popcnt, lzcnt, tsc, tscinvbit, avx, avx2, aes, clmul, bmi1, bmi2, adx, sha, fma, vzeroupper, clflush, clflushopt, hv
Processor Information for all 12 processors :
  Max Mhz: 2100, Current Mhz: 2100, Mhz Limit: 2100

Memory: 4k page, system-wide physical 7541M (718M free)
TotalPageFile size 15637M (AvailPageFile size 0M)
current process WorkingSet (physical memory assigned to process): 206M, peak: 306M
current process commit charge ("private bytes"): 316M, peak: 348M

vm_info: OpenJDK 64-Bit Server VM (17.0.17+10-LTS) for windows-amd64 JRE (17.0.17+10-LTS), built on Oct 16 2025 05:23:10 by "Administrator" with unknown MS VC++:1944

END.
