#
# There is insufficient memory for the Java Runtime Environment to continue.
# Native memory allocation (malloc) failed to allocate 1214416 bytes. Error detail: Chunk::new
# Possible reasons:
#   The system is out of physical RAM or swap space
#   This process is running with CompressedOops enabled, and the Java Heap may be blocking the growth of the native heap
# Possible solutions:
#   Reduce memory load on the system
#   Increase physical memory or swap space
#   Check if swap backing store is full
#   Decrease Java heap size (-Xmx/-Xms)
#   Decrease number of Java threads
#   Decrease Java thread stack sizes (-Xss)
#   Set larger code cache with -XX:ReservedCodeCacheSize=
#   JVM is running with Unscaled Compressed Oops mode in which the Java heap is
#     placed in the first 4GB address space. The Java Heap base address is the
#     maximum limit for the native heap growth. Please use -XX:HeapBaseMinAddress
#     to set the Java Heap base and to place the Java Heap above 4GB virtual address.
# This output file may be truncated or incomplete.
#
#  Out of Memory Error (arena.cpp:191), pid=1120, tid=14720
#
# JRE version: OpenJDK Runtime Environment Corretto-17.0.17.10.1 (17.0.17+10) (build 17.0.17+10-LTS)
# Java VM: OpenJDK 64-Bit Server VM Corretto-17.0.17.10.1 (17.0.17+10-LTS, mixed mode, sharing, tiered, compressed oops, compressed class ptrs, g1 gc, windows-amd64)
# No core dump will be written. Minidumps are not enabled by default on client versions of Windows
#

---------------  S U M M A R Y ------------

Command Line: -javaagent:C:\Program Files\JetBrains\IntelliJ IDEA 2025.2.4\lib\idea_rt.jar=56418 -Dfile.encoding=UTF-8 vn.fs.MartfuryShopApplication

Host: AMD Ryzen 5 5500U with Radeon Graphics         , 12 cores, 7G,  Windows 11 , 64 bit Build 26100 (10.0.26100.6725)
Time: Mon Nov 17 13:39:34 2025 SE Asia Standard Time elapsed time: 64.189854 seconds (0d 0h 1m 4s)

---------------  T H R E A D  ---------------

Current thread (0x00000280929e2070):  JavaThread "C2 CompilerThread2" daemon [_thread_in_native, id=14720, stack(0x00000098e9a00000,0x00000098e9b00000)]


Current CompileTask:
C2:64189 7186       4       java.lang.invoke.MethodType::makeImpl (109 bytes)

Stack: [0x00000098e9a00000,0x00000098e9b00000]
Native frames: (J=compiled Java code, j=interpreted, Vv=VM code, C=native code)
V  [jvm.dll+0x68afd9]
V  [jvm.dll+0x841c09]
V  [jvm.dll+0x843978]
V  [jvm.dll+0x844003]
V  [jvm.dll+0x24ce4f]
V  [jvm.dll+0xaec76]
V  [jvm.dll+0xaf31c]
V  [jvm.dll+0x36e4ff]
V  [jvm.dll+0x3388c5]
V  [jvm.dll+0x337d2a]
V  [jvm.dll+0x21dda9]
V  [jvm.dll+0x21d1ec]
V  [jvm.dll+0x1a8c70]
V  [jvm.dll+0x22d9fb]
V  [jvm.dll+0x22bb86]
V  [jvm.dll+0x7f747b]
V  [jvm.dll+0x7f187c]
V  [jvm.dll+0x689ee7]
C  [ucrtbase.dll+0x37b0]
C  [KERNEL32.DLL+0x2e8d7]
C  [ntdll.dll+0x8c53c]


---------------  P R O C E S S  ---------------

Threads class SMR info:
_java_thread_list=0x000002808f9865a0, length=35, elements={
0x00000280484d65b0, 0x00000280484d8f80, 0x00000280484ed230, 0x00000280484edb00,
0x00000280484ee4c0, 0x00000280484eee80, 0x00000280484f7c30, 0x00000280484f86e0,
0x000002804850a100, 0x00000280484c1de0, 0x00000280488096c0, 0x00000280489516c0,
0x000002808f9ba630, 0x000002808f9b9700, 0x000002808f9b8ce0, 0x000002808f9b91f0,
0x00000280913d32a0, 0x00000280913d2880, 0x00000280913d0510, 0x00000280913d0a20,
0x00000280913d1950, 0x00000280913d1e60, 0x00000280913d2d90, 0x00000280913d0f30,
0x00000280913d0000, 0x00000280913d37b0, 0x00000280913d3cc0, 0x00000280913d41d0,
0x00000280913d46e0, 0x00000280913d4bf0, 0x00000280913d1440, 0x00000280913d5100,
0x00000280913d6f60, 0x00000280929e4af0, 0x00000280929e2070
}

Java Threads: ( => current thread )
  0x00000280484d65b0 JavaThread "Reference Handler" daemon [_thread_blocked, id=12052, stack(0x00000098e7c00000,0x00000098e7d00000)]
  0x00000280484d8f80 JavaThread "Finalizer" daemon [_thread_blocked, id=8328, stack(0x00000098e7d00000,0x00000098e7e00000)]
  0x00000280484ed230 JavaThread "Signal Dispatcher" daemon [_thread_blocked, id=17488, stack(0x00000098e7e00000,0x00000098e7f00000)]
  0x00000280484edb00 JavaThread "Attach Listener" daemon [_thread_blocked, id=7764, stack(0x00000098e7f00000,0x00000098e8000000)]
  0x00000280484ee4c0 JavaThread "Service Thread" daemon [_thread_blocked, id=9672, stack(0x00000098e8000000,0x00000098e8100000)]
  0x00000280484eee80 JavaThread "Monitor Deflation Thread" daemon [_thread_blocked, id=18800, stack(0x00000098e8100000,0x00000098e8200000)]
  0x00000280484f7c30 JavaThread "C2 CompilerThread0" daemon [_thread_in_native, id=15492, stack(0x00000098e8200000,0x00000098e8300000)]
  0x00000280484f86e0 JavaThread "C1 CompilerThread0" daemon [_thread_in_native, id=1948, stack(0x00000098e8300000,0x00000098e8400000)]
  0x000002804850a100 JavaThread "Sweeper thread" daemon [_thread_blocked, id=14596, stack(0x00000098e8400000,0x00000098e8500000)]
  0x00000280484c1de0 JavaThread "Common-Cleaner" daemon [_thread_blocked, id=1940, stack(0x00000098e8500000,0x00000098e8600000)]
  0x00000280488096c0 JavaThread "Monitor Ctrl-Break" daemon [_thread_in_native, id=2040, stack(0x00000098e8600000,0x00000098e8700000)]
  0x00000280489516c0 JavaThread "Notification Thread" daemon [_thread_blocked, id=7948, stack(0x00000098e8700000,0x00000098e8800000)]
  0x000002808f9ba630 JavaThread "mysql-cj-abandoned-connection-cleanup" daemon [_thread_blocked, id=14196, stack(0x00000098e9700000,0x00000098e9800000)]
  0x000002808f9b9700 JavaThread "HikariPool-1 housekeeper" daemon [_thread_blocked, id=8544, stack(0x00000098e9900000,0x00000098e9a00000)]
  0x000002808f9b8ce0 JavaThread "Catalina-utility-1" [_thread_blocked, id=9712, stack(0x00000098e9c00000,0x00000098e9d00000)]
  0x000002808f9b91f0 JavaThread "Catalina-utility-2" [_thread_blocked, id=19024, stack(0x00000098e9d00000,0x00000098e9e00000)]
  0x00000280913d32a0 JavaThread "container-0" [_thread_blocked, id=19020, stack(0x00000098e9e00000,0x00000098e9f00000)]
  0x00000280913d2880 JavaThread "File Watcher" daemon [_thread_blocked, id=18408, stack(0x00000098ea000000,0x00000098ea100000)]
  0x00000280913d0510 JavaThread "Live Reload Server" daemon [_thread_in_native, id=4884, stack(0x00000098ea200000,0x00000098ea300000)]
  0x00000280913d0a20 JavaThread "http-nio-8080-exec-1" daemon [_thread_in_Java, id=8060, stack(0x00000098ea100000,0x00000098ea200000)]
  0x00000280913d1950 JavaThread "http-nio-8080-exec-2" daemon [_thread_in_Java, id=14420, stack(0x00000098ea300000,0x00000098ea400000)]
  0x00000280913d1e60 JavaThread "http-nio-8080-exec-3" daemon [_thread_in_vm, id=15464, stack(0x00000098ea400000,0x00000098ea500000)]
  0x00000280913d2d90 JavaThread "http-nio-8080-exec-4" daemon [_thread_in_Java, id=1560, stack(0x00000098ea500000,0x00000098ea600000)]
  0x00000280913d0f30 JavaThread "http-nio-8080-exec-5" daemon [_thread_in_Java, id=17896, stack(0x00000098ea600000,0x00000098ea700000)]
  0x00000280913d0000 JavaThread "http-nio-8080-exec-6" daemon [_thread_in_Java, id=20208, stack(0x00000098ea700000,0x00000098ea800000)]
  0x00000280913d37b0 JavaThread "http-nio-8080-exec-7" daemon [_thread_blocked, id=13124, stack(0x00000098ea800000,0x00000098ea900000)]
  0x00000280913d3cc0 JavaThread "http-nio-8080-exec-8" daemon [_thread_blocked, id=580, stack(0x00000098ea900000,0x00000098eaa00000)]
  0x00000280913d41d0 JavaThread "http-nio-8080-exec-9" daemon [_thread_blocked, id=18596, stack(0x00000098eaa00000,0x00000098eab00000)]
  0x00000280913d46e0 JavaThread "http-nio-8080-exec-10" daemon [_thread_blocked, id=12896, stack(0x00000098eab00000,0x00000098eac00000)]
  0x00000280913d4bf0 JavaThread "http-nio-8080-Poller" daemon [_thread_in_native, id=6872, stack(0x00000098eac00000,0x00000098ead00000)]
  0x00000280913d1440 JavaThread "http-nio-8080-Acceptor" daemon [_thread_in_native, id=5696, stack(0x00000098ead00000,0x00000098eae00000)]
  0x00000280913d5100 JavaThread "pool-1-thread-1" [_thread_blocked, id=13576, stack(0x00000098eae00000,0x00000098eaf00000)]
  0x00000280913d6f60 JavaThread "DestroyJavaVM" [_thread_blocked, id=17712, stack(0x00000098e7500000,0x00000098e7600000)]
  0x00000280929e4af0 JavaThread "C2 CompilerThread1" daemon [_thread_in_native, id=5400, stack(0x00000098e8b00000,0x00000098e8c00000)]
=>0x00000280929e2070 JavaThread "C2 CompilerThread2" daemon [_thread_in_native, id=14720, stack(0x00000098e9a00000,0x00000098e9b00000)]

Other Threads:
  0x00000280484d24d0 VMThread "VM Thread" [stack: 0x00000098e7b00000,0x00000098e7c00000] [id=19084]
  0x0000028048a11be0 WatcherThread [stack: 0x00000098e8800000,0x00000098e8900000] [id=2188]
  0x0000028029a5dc90 GCTaskThread "GC Thread#0" [stack: 0x00000098e7600000,0x00000098e7700000] [id=7920]
  0x000002808ed56400 GCTaskThread "GC Thread#1" [stack: 0x00000098e8c00000,0x00000098e8d00000] [id=18160]
  0x000002808ed566c0 GCTaskThread "GC Thread#2" [stack: 0x00000098e8d00000,0x00000098e8e00000] [id=764]
  0x000002808ed56980 GCTaskThread "GC Thread#3" [stack: 0x00000098e8e00000,0x00000098e8f00000] [id=2684]
  0x000002808ed56c40 GCTaskThread "GC Thread#4" [stack: 0x00000098e8f00000,0x00000098e9000000] [id=252]
  0x000002808f537010 GCTaskThread "GC Thread#5" [stack: 0x00000098e9000000,0x00000098e9100000] [id=1812]
  0x000002808ea5b460 GCTaskThread "GC Thread#6" [stack: 0x00000098e9100000,0x00000098e9200000] [id=2224]
  0x000002808effb080 GCTaskThread "GC Thread#7" [stack: 0x00000098e9300000,0x00000098e9400000] [id=5912]
  0x000002808e6d5550 GCTaskThread "GC Thread#8" [stack: 0x00000098e9400000,0x00000098e9500000] [id=14244]
  0x000002808f1ca760 GCTaskThread "GC Thread#9" [stack: 0x00000098e9500000,0x00000098e9600000] [id=19480]
  0x0000028029a6d7a0 ConcurrentGCThread "G1 Main Marker" [stack: 0x00000098e7700000,0x00000098e7800000] [id=18712]
  0x0000028029a6fd40 ConcurrentGCThread "G1 Conc#0" [stack: 0x00000098e7800000,0x00000098e7900000] [id=4068]
  0x000002808faf6f40 ConcurrentGCThread "G1 Conc#1" [stack: 0x00000098e9200000,0x00000098e9300000] [id=15212]
  0x000002808fbb5b50 ConcurrentGCThread "G1 Conc#2" [stack: 0x00000098e9600000,0x00000098e9700000] [id=5628]
  0x0000028048390e40 ConcurrentGCThread "G1 Refine#0" [stack: 0x00000098e7900000,0x00000098e7a00000] [id=18756]
  0x000002808fdc6ac0 ConcurrentGCThread "G1 Refine#1" [stack: 0x00000098e9b00000,0x00000098e9c00000] [id=12404]
  0x0000028048391610 ConcurrentGCThread "G1 Service" [stack: 0x00000098e7a00000,0x00000098e7b00000] [id=6076]

Threads with active compile tasks:
C2 CompilerThread0  68351 7236       4       org.springframework.boot.devtools.filewatch.FileSnapshot::equals (110 bytes)
C1 CompilerThread0  68352 7254       3       org.springframework.core.annotation.AnnotationsScanner::getDeclaredAnnotations (166 bytes)
C2 CompilerThread1  68352 7228       4       org.springframework.core.ResolvableType::isArray (58 bytes)
C2 CompilerThread2  68352 7186       4       java.lang.invoke.MethodType::makeImpl (109 bytes)

VM state: not at safepoint (normal execution)

VM Mutex/Monitor currently owned by a thread: None

Heap address: 0x000000008a200000, size: 1886 MB, Compressed Oops mode: 32-bit

CDS archive(s) mapped at: [0x0000028049000000-0x0000028049bb0000-0x0000028049bb0000), size 12255232, SharedBaseAddress: 0x0000028049000000, ArchiveRelocationMode: 1.
Compressed class space mapped at: 0x000002804a000000-0x000002808a000000, reserved size: 1073741824
Narrow klass base: 0x0000028049000000, Narrow klass shift: 0, Narrow klass range: 0x100000000

GC Precious Log:
 CPUs: 12 total, 12 available
 Memory: 7541M
 Large Page Support: Disabled
 NUMA Support: Disabled
 Compressed Oops: Enabled (32-bit)
 Heap Region Size: 1M
 Heap Min Capacity: 8M
 Heap Initial Capacity: 118M
 Heap Max Capacity: 1886M
 Pre-touch: Disabled
 Parallel Workers: 10
 Concurrent Workers: 3
 Concurrent Refinement Workers: 10
 Periodic GC: Disabled

Heap:
 garbage-first heap   total 86016K, used 49343K [0x000000008a200000, 0x0000000100000000)
  region size 1024K, 23 young (23552K), 4 survivors (4096K)
 Metaspace       used 64412K, committed 64896K, reserved 1114112K
  class space    used 8604K, committed 8832K, reserved 1048576K

Heap Regions: E=young(eden), S=young(survivor), O=old, HS=humongous(starts), HC=humongous(continues), CS=collection set, F=free, OA=open archive, CA=closed archive, TAMS=top-at-mark-start (previous, next)
|   0|0x000000008a200000, 0x000000008a300000, 0x000000008a300000|100%|HS|  |TAMS 0x000000008a300000, 0x000000008a200000| Complete 
|   1|0x000000008a300000, 0x000000008a400000, 0x000000008a400000|100%| O|  |TAMS 0x000000008a400000, 0x000000008a300000| Untracked 
|   2|0x000000008a400000, 0x000000008a500000, 0x000000008a500000|100%| O|  |TAMS 0x000000008a500000, 0x000000008a400000| Untracked 
|   3|0x000000008a500000, 0x000000008a600000, 0x000000008a600000|100%| O|  |TAMS 0x000000008a600000, 0x000000008a500000| Untracked 
|   4|0x000000008a600000, 0x000000008a700000, 0x000000008a700000|100%| O|  |TAMS 0x000000008a700000, 0x000000008a600000| Untracked 
|   5|0x000000008a700000, 0x000000008a800000, 0x000000008a800000|100%| O|  |TAMS 0x000000008a800000, 0x000000008a700000| Untracked 
|   6|0x000000008a800000, 0x000000008a900000, 0x000000008a900000|100%| O|  |TAMS 0x000000008a900000, 0x000000008a800000| Untracked 
|   7|0x000000008a900000, 0x000000008aa00000, 0x000000008aa00000|100%| O|  |TAMS 0x000000008aa00000, 0x000000008a900000| Untracked 
|   8|0x000000008aa00000, 0x000000008ab00000, 0x000000008ab00000|100%| O|  |TAMS 0x000000008ab00000, 0x000000008aa00000| Untracked 
|   9|0x000000008ab00000, 0x000000008ac00000, 0x000000008ac00000|100%| O|  |TAMS 0x000000008ac00000, 0x000000008ab00000| Untracked 
|  10|0x000000008ac00000, 0x000000008ad00000, 0x000000008ad00000|100%| O|  |TAMS 0x000000008ad00000, 0x000000008ac00000| Untracked 
|  11|0x000000008ad00000, 0x000000008ae00000, 0x000000008ae00000|100%| O|  |TAMS 0x000000008ae00000, 0x000000008ad00000| Untracked 
|  12|0x000000008ae00000, 0x000000008af00000, 0x000000008af00000|100%| O|  |TAMS 0x000000008af00000, 0x000000008ae00000| Untracked 
|  13|0x000000008af00000, 0x000000008b000000, 0x000000008b000000|100%| O|  |TAMS 0x000000008b000000, 0x000000008af00000| Untracked 
|  14|0x000000008b000000, 0x000000008b100000, 0x000000008b100000|100%| O|  |TAMS 0x000000008b100000, 0x000000008b000000| Untracked 
|  15|0x000000008b100000, 0x000000008b200000, 0x000000008b200000|100%| O|  |TAMS 0x000000008b200000, 0x000000008b100000| Untracked 
|  16|0x000000008b200000, 0x000000008b23ca00, 0x000000008b300000| 23%| O|  |TAMS 0x000000008b23ca00, 0x000000008b200000| Untracked 
|  17|0x000000008b300000, 0x000000008b400000, 0x000000008b400000|100%| O|  |TAMS 0x000000008b400000, 0x000000008b300000| Untracked 
|  18|0x000000008b400000, 0x000000008b500000, 0x000000008b500000|100%| O|  |TAMS 0x000000008b500000, 0x000000008b400000| Untracked 
|  19|0x000000008b500000, 0x000000008b600000, 0x000000008b600000|100%| O|  |TAMS 0x000000008b600000, 0x000000008b500000| Untracked 
|  20|0x000000008b600000, 0x000000008b700000, 0x000000008b700000|100%| O|  |TAMS 0x000000008b700000, 0x000000008b600000| Untracked 
|  21|0x000000008b700000, 0x000000008b800000, 0x000000008b800000|100%| O|  |TAMS 0x000000008b800000, 0x000000008b700000| Untracked 
|  22|0x000000008b800000, 0x000000008b900000, 0x000000008b900000|100%| O|  |TAMS 0x000000008b900000, 0x000000008b800000| Untracked 
|  23|0x000000008b900000, 0x000000008ba00000, 0x000000008ba00000|100%| O|  |TAMS 0x000000008ba00000, 0x000000008b900000| Untracked 
|  24|0x000000008ba00000, 0x000000008bb00000, 0x000000008bb00000|100%| O|  |TAMS 0x000000008bb00000, 0x000000008ba00000| Untracked 
|  25|0x000000008bb00000, 0x000000008bc00000, 0x000000008bc00000|100%| O|  |TAMS 0x000000008bc00000, 0x000000008bb00000| Untracked 
|  26|0x000000008bc00000, 0x000000008bd00000, 0x000000008bd00000|100%| O|  |TAMS 0x000000008bc27e00, 0x000000008bc00000| Untracked 
|  27|0x000000008bd00000, 0x000000008bdf3400, 0x000000008be00000| 95%| O|  |TAMS 0x000000008bd00000, 0x000000008bd00000| Untracked 
|  28|0x000000008be00000, 0x000000008be00000, 0x000000008bf00000|  0%| F|  |TAMS 0x000000008be00000, 0x000000008be00000| Untracked 
|  29|0x000000008bf00000, 0x000000008bf00000, 0x000000008c000000|  0%| F|  |TAMS 0x000000008bf00000, 0x000000008bf00000| Untracked 
|  30|0x000000008c000000, 0x000000008c000000, 0x000000008c100000|  0%| F|  |TAMS 0x000000008c000000, 0x000000008c000000| Untracked 
|  31|0x000000008c100000, 0x000000008c100000, 0x000000008c200000|  0%| F|  |TAMS 0x000000008c100000, 0x000000008c100000| Untracked 
|  32|0x000000008c200000, 0x000000008c200000, 0x000000008c300000|  0%| F|  |TAMS 0x000000008c200000, 0x000000008c200000| Untracked 
|  33|0x000000008c300000, 0x000000008c300000, 0x000000008c400000|  0%| F|  |TAMS 0x000000008c300000, 0x000000008c300000| Untracked 
|  34|0x000000008c400000, 0x000000008c400000, 0x000000008c500000|  0%| F|  |TAMS 0x000000008c400000, 0x000000008c400000| Untracked 
|  35|0x000000008c500000, 0x000000008c500000, 0x000000008c600000|  0%| F|  |TAMS 0x000000008c500000, 0x000000008c500000| Untracked 
|  36|0x000000008c600000, 0x000000008c700000, 0x000000008c700000|100%| S|CS|TAMS 0x000000008c600000, 0x000000008c600000| Complete 
|  37|0x000000008c700000, 0x000000008c800000, 0x000000008c800000|100%| S|CS|TAMS 0x000000008c700000, 0x000000008c700000| Complete 
|  38|0x000000008c800000, 0x000000008c900000, 0x000000008c900000|100%| S|CS|TAMS 0x000000008c800000, 0x000000008c800000| Complete 
|  39|0x000000008c900000, 0x000000008ca00000, 0x000000008ca00000|100%| S|CS|TAMS 0x000000008c900000, 0x000000008c900000| Complete 
|  40|0x000000008ca00000, 0x000000008ca00000, 0x000000008cb00000|  0%| F|  |TAMS 0x000000008ca00000, 0x000000008ca00000| Untracked 
|  41|0x000000008cb00000, 0x000000008cb00000, 0x000000008cc00000|  0%| F|  |TAMS 0x000000008cb00000, 0x000000008cb00000| Untracked 
|  42|0x000000008cc00000, 0x000000008cc00000, 0x000000008cd00000|  0%| F|  |TAMS 0x000000008cc00000, 0x000000008cc00000| Untracked 
|  43|0x000000008cd00000, 0x000000008cd00000, 0x000000008ce00000|  0%| F|  |TAMS 0x000000008cd00000, 0x000000008cd00000| Untracked 
|  44|0x000000008ce00000, 0x000000008ce00000, 0x000000008cf00000|  0%| F|  |TAMS 0x000000008ce00000, 0x000000008ce00000| Untracked 
|  45|0x000000008cf00000, 0x000000008cf00000, 0x000000008d000000|  0%| F|  |TAMS 0x000000008cf00000, 0x000000008cf00000| Untracked 
|  46|0x000000008d000000, 0x000000008d000000, 0x000000008d100000|  0%| F|  |TAMS 0x000000008d000000, 0x000000008d000000| Untracked 
|  47|0x000000008d100000, 0x000000008d100000, 0x000000008d200000|  0%| F|  |TAMS 0x000000008d100000, 0x000000008d100000| Untracked 
|  48|0x000000008d200000, 0x000000008d200000, 0x000000008d300000|  0%| F|  |TAMS 0x000000008d200000, 0x000000008d200000| Untracked 
|  49|0x000000008d300000, 0x000000008d300000, 0x000000008d400000|  0%| F|  |TAMS 0x000000008d300000, 0x000000008d300000| Untracked 
|  50|0x000000008d400000, 0x000000008d400000, 0x000000008d500000|  0%| F|  |TAMS 0x000000008d400000, 0x000000008d400000| Untracked 
|  51|0x000000008d500000, 0x000000008d500000, 0x000000008d600000|  0%| F|  |TAMS 0x000000008d500000, 0x000000008d500000| Untracked 
|  52|0x000000008d600000, 0x000000008d600000, 0x000000008d700000|  0%| F|  |TAMS 0x000000008d600000, 0x000000008d600000| Untracked 
|  53|0x000000008d700000, 0x000000008d700000, 0x000000008d800000|  0%| F|  |TAMS 0x000000008d700000, 0x000000008d700000| Untracked 
|  54|0x000000008d800000, 0x000000008d800000, 0x000000008d900000|  0%| F|  |TAMS 0x000000008d800000, 0x000000008d800000| Untracked 
|  55|0x000000008d900000, 0x000000008d900000, 0x000000008da00000|  0%| F|  |TAMS 0x000000008d900000, 0x000000008d900000| Untracked 
|  56|0x000000008da00000, 0x000000008da00000, 0x000000008db00000|  0%| F|  |TAMS 0x000000008da00000, 0x000000008da00000| Untracked 
|  57|0x000000008db00000, 0x000000008db00000, 0x000000008dc00000|  0%| F|  |TAMS 0x000000008db00000, 0x000000008db00000| Untracked 
|  58|0x000000008dc00000, 0x000000008dc00000, 0x000000008dd00000|  0%| F|  |TAMS 0x000000008dc00000, 0x000000008dc00000| Untracked 
|  59|0x000000008dd00000, 0x000000008dd00000, 0x000000008de00000|  0%| F|  |TAMS 0x000000008dd00000, 0x000000008dd00000| Untracked 
|  60|0x000000008de00000, 0x000000008de00000, 0x000000008df00000|  0%| F|  |TAMS 0x000000008de00000, 0x000000008de00000| Untracked 
|  61|0x000000008df00000, 0x000000008df00000, 0x000000008e000000|  0%| F|  |TAMS 0x000000008df00000, 0x000000008df00000| Untracked 
|  62|0x000000008e000000, 0x000000008e000000, 0x000000008e100000|  0%| F|  |TAMS 0x000000008e000000, 0x000000008e000000| Untracked 
|  63|0x000000008e100000, 0x000000008e100000, 0x000000008e200000|  0%| F|  |TAMS 0x000000008e100000, 0x000000008e100000| Untracked 
|  64|0x000000008e200000, 0x000000008e200000, 0x000000008e300000|  0%| F|  |TAMS 0x000000008e200000, 0x000000008e200000| Untracked 
|  65|0x000000008e300000, 0x000000008e3fa4e8, 0x000000008e400000| 97%| E|  |TAMS 0x000000008e300000, 0x000000008e300000| Complete 
|  66|0x000000008e400000, 0x000000008e500000, 0x000000008e500000|100%| E|CS|TAMS 0x000000008e400000, 0x000000008e400000| Complete 
|  67|0x000000008e500000, 0x000000008e600000, 0x000000008e600000|100%| E|CS|TAMS 0x000000008e500000, 0x000000008e500000| Complete 
|  68|0x000000008e600000, 0x000000008e700000, 0x000000008e700000|100%| E|CS|TAMS 0x000000008e600000, 0x000000008e600000| Complete 
|  69|0x000000008e700000, 0x000000008e800000, 0x000000008e800000|100%| E|CS|TAMS 0x000000008e700000, 0x000000008e700000| Complete 
|  70|0x000000008e800000, 0x000000008e900000, 0x000000008e900000|100%| E|  |TAMS 0x000000008e800000, 0x000000008e800000| Complete 
|  71|0x000000008e900000, 0x000000008ea00000, 0x000000008ea00000|100%| E|CS|TAMS 0x000000008e900000, 0x000000008e900000| Complete 
|  72|0x000000008ea00000, 0x000000008eb00000, 0x000000008eb00000|100%| E|CS|TAMS 0x000000008ea00000, 0x000000008ea00000| Complete 
|  73|0x000000008eb00000, 0x000000008ec00000, 0x000000008ec00000|100%| E|CS|TAMS 0x000000008eb00000, 0x000000008eb00000| Complete 
|  74|0x000000008ec00000, 0x000000008ed00000, 0x000000008ed00000|100%| E|CS|TAMS 0x000000008ec00000, 0x000000008ec00000| Complete 
|  75|0x000000008ed00000, 0x000000008ee00000, 0x000000008ee00000|100%| E|CS|TAMS 0x000000008ed00000, 0x000000008ed00000| Complete 
|  76|0x000000008ee00000, 0x000000008ef00000, 0x000000008ef00000|100%| E|CS|TAMS 0x000000008ee00000, 0x000000008ee00000| Complete 
|  77|0x000000008ef00000, 0x000000008f000000, 0x000000008f000000|100%| E|CS|TAMS 0x000000008ef00000, 0x000000008ef00000| Complete 
|  78|0x000000008f000000, 0x000000008f100000, 0x000000008f100000|100%| E|CS|TAMS 0x000000008f000000, 0x000000008f000000| Complete 
|  79|0x000000008f100000, 0x000000008f200000, 0x000000008f200000|100%| E|CS|TAMS 0x000000008f100000, 0x000000008f100000| Complete 
|  80|0x000000008f200000, 0x000000008f300000, 0x000000008f300000|100%| E|CS|TAMS 0x000000008f200000, 0x000000008f200000| Complete 
|  81|0x000000008f300000, 0x000000008f400000, 0x000000008f400000|100%| E|CS|TAMS 0x000000008f300000, 0x000000008f300000| Complete 
|  82|0x000000008f400000, 0x000000008f500000, 0x000000008f500000|100%| E|CS|TAMS 0x000000008f400000, 0x000000008f400000| Complete 
| 117|0x0000000091700000, 0x0000000091800000, 0x0000000091800000|100%| E|CS|TAMS 0x0000000091700000, 0x0000000091700000| Complete 

Card table byte_map: [0x00000280415c0000,0x0000028041970000] _byte_map_base: 0x000002804116f000

Marking Bits (Prev, Next): (CMBitMap*) 0x0000028029a5e2f0, (CMBitMap*) 0x0000028029a5e2b0
 Prev Bits: [0x0000028043aa0000, 0x0000028045818000)
 Next Bits: [0x0000028041d20000, 0x0000028043a98000)

Polling page: 0x0000028028150000

Metaspace:

Usage:
  Non-class:     54.50 MB used.
      Class:      8.40 MB used.
       Both:     62.91 MB used.

Virtual space:
  Non-class space:       64.00 MB reserved,      54.75 MB ( 86%) committed,  1 nodes.
      Class space:        1.00 GB reserved,       8.62 MB ( <1%) committed,  1 nodes.
             Both:        1.06 GB reserved,      63.38 MB (  6%) committed. 

Chunk freelists:
   Non-Class:  9.11 MB
       Class:  7.31 MB
        Both:  16.42 MB

MaxMetaspaceSize: unlimited
CompressedClassSpaceSize: 1.00 GB
Initial GC threshold: 21.00 MB
Current GC threshold: 98.56 MB
CDS: on
MetaspaceReclaimPolicy: balanced
 - commit_granule_bytes: 65536.
 - commit_granule_words: 8192.
 - virtual_space_node_default_size: 8388608.
 - enlarge_chunks_in_place: 1.
 - new_chunks_are_fully_committed: 0.
 - uncommit_free_chunks: 1.
 - use_allocation_guard: 0.
 - handle_deallocations: 1.


Internal statistics:

num_allocs_failed_limit: 9.
num_arena_births: 524.
num_arena_deaths: 0.
num_vsnodes_births: 2.
num_vsnodes_deaths: 0.
num_space_committed: 1014.
num_space_uncommitted: 0.
num_chunks_returned_to_freelist: 9.
num_chunks_taken_from_freelist: 2811.
num_chunk_merges: 9.
num_chunk_splits: 1959.
num_chunks_enlarged: 1504.
num_inconsistent_stats: 0.

CodeHeap 'non-profiled nmethods': size=120000Kb used=4147Kb max_used=4147Kb free=115852Kb
 bounds [0x0000028039050000, 0x0000028039460000, 0x0000028040580000]
CodeHeap 'profiled nmethods': size=120000Kb used=12109Kb max_used=12109Kb free=107890Kb
 bounds [0x0000028031580000, 0x0000028032160000, 0x0000028038ab0000]
CodeHeap 'non-nmethods': size=5760Kb used=1332Kb max_used=1421Kb free=4427Kb
 bounds [0x0000028038ab0000, 0x0000028038d20000, 0x0000028039050000]
 total_blobs=7084 nmethods=6428 adapters=566
 compilation: enabled
              stopped_count=0, restarted_count=0
 full_count=0

Compilation events (20 events):
Event: 59.095 Thread 0x00000280929e2070 nmethod 7153 0x000002803944af90 code [0x000002803944b120, 0x000002803944b2e8]
Event: 59.095 Thread 0x00000280929e2070 7186       4       java.lang.invoke.MethodType::makeImpl (109 bytes)
Event: 60.440 Thread 0x00000280484f86e0 7200       3       jdk.internal.misc.Unsafe::getAndBitwiseAndInt (27 bytes)
Event: 61.113 Thread 0x00000280929e4af0 nmethod 7181 0x000002803944b410 code [0x000002803944b680, 0x000002803944d380]
Event: 61.114 Thread 0x00000280929e4af0 7179       4       java.lang.Integer::stringSize (47 bytes)
Event: 61.114 Thread 0x00000280484f86e0 nmethod 7200 0x000002803213e610 code [0x000002803213e7c0, 0x000002803213ea08]
Event: 61.114 Thread 0x00000280484f86e0 7201       3       java.util.concurrent.locks.AbstractQueuedSynchronizer$Node::getAndUnsetStatus (14 bytes)
Event: 61.114 Thread 0x00000280484f86e0 nmethod 7201 0x000002803213eb10 code [0x000002803213ecc0, 0x000002803213ef68]
Event: 61.115 Thread 0x00000280929e4af0 nmethod 7179 0x000002803944e490 code [0x000002803944e600, 0x000002803944e6d8]
Event: 61.115 Thread 0x00000280929e4af0 7188       4       java.lang.Character::codePointAt (51 bytes)
Event: 61.116 Thread 0x00000280929e4af0 nmethod 7188 0x000002803944e790 code [0x000002803944e920, 0x000002803944ea48]
Event: 61.116 Thread 0x00000280929e4af0 7185   !   4       java.lang.invoke.MemberName::getMethodType (211 bytes)
Event: 62.123 Thread 0x00000280484f86e0 7202       3       java.util.regex.Pattern::curly (66 bytes)
Event: 63.126 Thread 0x00000280484f86e0 nmethod 7202 0x000002803213f090 code [0x000002803213f300, 0x0000028032140128]
Event: 63.159 Thread 0x00000280484f7c30 nmethod 7178 0x000002803944ec10 code [0x000002803944ef00, 0x00000280394518f0]
Event: 63.159 Thread 0x00000280929e4af0 nmethod 7185 0x0000028039453210 code [0x00000280394533e0, 0x0000028039453a08]
Event: 63.160 Thread 0x00000280929e4af0 7180       4       java.lang.AbstractStringBuilder::append (55 bytes)
Event: 63.161 Thread 0x00000280484f7c30 7156       4       java.util.Collections$UnmodifiableMap::get (11 bytes)
Event: 63.162 Thread 0x00000280484f7c30 nmethod 7156 0x0000028039453d90 code [0x0000028039453f20, 0x0000028039453fb8]
Event: 64.175 Thread 0x00000280929e4af0 nmethod 7180 0x0000028039454090 code [0x0000028039454240, 0x0000028039454c58]

GC Heap History (20 events):
Event: 5.319 GC heap before
{Heap before GC invocations=8 (full 0):
 garbage-first heap   total 51200K, used 36825K [0x000000008a200000, 0x0000000100000000)
  region size 1024K, 21 young (21504K), 2 survivors (2048K)
 Metaspace       used 34572K, committed 34880K, reserved 1114112K
  class space    used 4554K, committed 4672K, reserved 1048576K
}
Event: 5.322 GC heap after
{Heap after GC invocations=9 (full 0):
 garbage-first heap   total 73728K, used 19175K [0x000000008a200000, 0x0000000100000000)
  region size 1024K, 3 young (3072K), 3 survivors (3072K)
 Metaspace       used 34572K, committed 34880K, reserved 1114112K
  class space    used 4554K, committed 4672K, reserved 1048576K
}
Event: 5.396 GC heap before
{Heap before GC invocations=9 (full 0):
 garbage-first heap   total 73728K, used 22247K [0x000000008a200000, 0x0000000100000000)
  region size 1024K, 7 young (7168K), 3 survivors (3072K)
 Metaspace       used 35773K, committed 36096K, reserved 1114112K
  class space    used 4812K, committed 4928K, reserved 1048576K
}
Event: 5.399 GC heap after
{Heap after GC invocations=10 (full 0):
 garbage-first heap   total 73728K, used 19335K [0x000000008a200000, 0x0000000100000000)
  region size 1024K, 3 young (3072K), 3 survivors (3072K)
 Metaspace       used 35773K, committed 36096K, reserved 1114112K
  class space    used 4812K, committed 4928K, reserved 1048576K
}
Event: 6.623 GC heap before
{Heap before GC invocations=11 (full 0):
 garbage-first heap   total 71680K, used 55175K [0x000000008a200000, 0x0000000100000000)
  region size 1024K, 38 young (38912K), 3 survivors (3072K)
 Metaspace       used 47332K, committed 47680K, reserved 1114112K
  class space    used 6230K, committed 6400K, reserved 1048576K
}
Event: 6.629 GC heap after
{Heap after GC invocations=12 (full 0):
 garbage-first heap   total 71680K, used 22951K [0x000000008a200000, 0x0000000100000000)
  region size 1024K, 5 young (5120K), 5 survivors (5120K)
 Metaspace       used 47332K, committed 47680K, reserved 1114112K
  class space    used 6230K, committed 6400K, reserved 1048576K
}
Event: 7.557 GC heap before
{Heap before GC invocations=12 (full 0):
 garbage-first heap   total 71680K, used 53671K [0x000000008a200000, 0x0000000100000000)
  region size 1024K, 35 young (35840K), 5 survivors (5120K)
 Metaspace       used 52860K, committed 53184K, reserved 1114112K
  class space    used 7062K, committed 7232K, reserved 1048576K
}
Event: 7.563 GC heap after
{Heap after GC invocations=13 (full 0):
 garbage-first heap   total 71680K, used 24609K [0x000000008a200000, 0x0000000100000000)
  region size 1024K, 2 young (2048K), 2 survivors (2048K)
 Metaspace       used 52860K, committed 53184K, reserved 1114112K
  class space    used 7062K, committed 7232K, reserved 1048576K
}
Event: 8.223 GC heap before
{Heap before GC invocations=13 (full 0):
 garbage-first heap   total 71680K, used 54305K [0x000000008a200000, 0x0000000100000000)
  region size 1024K, 31 young (31744K), 2 survivors (2048K)
 Metaspace       used 56510K, committed 56896K, reserved 1114112K
  class space    used 7543K, committed 7744K, reserved 1048576K
}
Event: 8.228 GC heap after
{Heap after GC invocations=14 (full 0):
 garbage-first heap   total 71680K, used 26039K [0x000000008a200000, 0x0000000100000000)
  region size 1024K, 3 young (3072K), 3 survivors (3072K)
 Metaspace       used 56510K, committed 56896K, reserved 1114112K
  class space    used 7543K, committed 7744K, reserved 1048576K
}
Event: 8.592 GC heap before
{Heap before GC invocations=14 (full 0):
 garbage-first heap   total 71680K, used 55735K [0x000000008a200000, 0x0000000100000000)
  region size 1024K, 32 young (32768K), 3 survivors (3072K)
 Metaspace       used 57465K, committed 57856K, reserved 1114112K
  class space    used 7661K, committed 7872K, reserved 1048576K
}
Event: 8.596 GC heap after
{Heap after GC invocations=15 (full 0):
 garbage-first heap   total 71680K, used 27190K [0x000000008a200000, 0x0000000100000000)
  region size 1024K, 3 young (3072K), 3 survivors (3072K)
 Metaspace       used 57465K, committed 57856K, reserved 1114112K
  class space    used 7661K, committed 7872K, reserved 1048576K
}
Event: 8.901 GC heap before
{Heap before GC invocations=15 (full 0):
 garbage-first heap   total 71680K, used 56886K [0x000000008a200000, 0x0000000100000000)
  region size 1024K, 32 young (32768K), 3 survivors (3072K)
 Metaspace       used 57861K, committed 58304K, reserved 1114112K
  class space    used 7694K, committed 7936K, reserved 1048576K
}
Event: 8.905 GC heap after
{Heap after GC invocations=16 (full 0):
 garbage-first heap   total 71680K, used 27976K [0x000000008a200000, 0x0000000100000000)
  region size 1024K, 2 young (2048K), 2 survivors (2048K)
 Metaspace       used 57861K, committed 58304K, reserved 1114112K
  class space    used 7694K, committed 7936K, reserved 1048576K
}
Event: 9.293 GC heap before
{Heap before GC invocations=16 (full 0):
 garbage-first heap   total 71680K, used 57672K [0x000000008a200000, 0x0000000100000000)
  region size 1024K, 31 young (31744K), 2 survivors (2048K)
 Metaspace       used 58674K, committed 59136K, reserved 1114112K
  class space    used 7786K, committed 8000K, reserved 1048576K
}
Event: 9.296 GC heap after
{Heap after GC invocations=17 (full 0):
 garbage-first heap   total 71680K, used 28790K [0x000000008a200000, 0x0000000100000000)
  region size 1024K, 3 young (3072K), 3 survivors (3072K)
 Metaspace       used 58674K, committed 59136K, reserved 1114112K
  class space    used 7786K, committed 8000K, reserved 1048576K
}
Event: 9.594 GC heap before
{Heap before GC invocations=17 (full 0):
 garbage-first heap   total 71680K, used 39030K [0x000000008a200000, 0x0000000100000000)
  region size 1024K, 14 young (14336K), 3 survivors (3072K)
 Metaspace       used 60078K, committed 60416K, reserved 1114112K
  class space    used 7996K, committed 8192K, reserved 1048576K
}
Event: 9.598 GC heap after
{Heap after GC invocations=18 (full 0):
 garbage-first heap   total 71680K, used 29546K [0x000000008a200000, 0x0000000100000000)
  region size 1024K, 3 young (3072K), 3 survivors (3072K)
 Metaspace       used 60078K, committed 60416K, reserved 1114112K
  class space    used 7996K, committed 8192K, reserved 1048576K
}
Event: 10.286 GC heap before
{Heap before GC invocations=19 (full 0):
 garbage-first heap   total 71680K, used 57194K [0x000000008a200000, 0x0000000100000000)
  region size 1024K, 30 young (30720K), 3 survivors (3072K)
 Metaspace       used 62150K, committed 62528K, reserved 1114112K
  class space    used 8320K, committed 8512K, reserved 1048576K
}
Event: 10.291 GC heap after
{Heap after GC invocations=20 (full 0):
 garbage-first heap   total 86016K, used 31935K [0x000000008a200000, 0x0000000100000000)
  region size 1024K, 4 young (4096K), 4 survivors (4096K)
 Metaspace       used 62150K, committed 62528K, reserved 1114112K
  class space    used 8320K, committed 8512K, reserved 1048576K
}

Dll operation events (13 events):
Event: 0.014 Loaded shared library C:\Users\MSI 2022\.jdks\corretto-17.0.17\bin\java.dll
Event: 0.031 Loaded shared library C:\Users\MSI 2022\.jdks\corretto-17.0.17\bin\jsvml.dll
Event: 0.117 Loaded shared library C:\Users\MSI 2022\.jdks\corretto-17.0.17\bin\zip.dll
Event: 0.120 Loaded shared library C:\Users\MSI 2022\.jdks\corretto-17.0.17\bin\instrument.dll
Event: 0.128 Loaded shared library C:\Users\MSI 2022\.jdks\corretto-17.0.17\bin\net.dll
Event: 0.130 Loaded shared library C:\Users\MSI 2022\.jdks\corretto-17.0.17\bin\nio.dll
Event: 0.134 Loaded shared library C:\Users\MSI 2022\.jdks\corretto-17.0.17\bin\zip.dll
Event: 0.239 Loaded shared library C:\Users\MSI 2022\.jdks\corretto-17.0.17\bin\extnet.dll
Event: 0.300 Loaded shared library C:\Users\MSI 2022\.jdks\corretto-17.0.17\bin\verify.dll
Event: 0.308 Loaded shared library C:\Users\MSI 2022\.jdks\corretto-17.0.17\bin\jimage.dll
Event: 0.883 Loaded shared library C:\Users\MSI 2022\.jdks\corretto-17.0.17\bin\management.dll
Event: 0.886 Loaded shared library C:\Users\MSI 2022\.jdks\corretto-17.0.17\bin\management_ext.dll
Event: 5.631 Loaded shared library C:\Users\MSI 2022\.jdks\corretto-17.0.17\bin\sunmscapi.dll

Deoptimization events (20 events):
Event: 54.030 Thread 0x00000280913d0000 Uncommon trap: trap_request=0xffffff54 fr.pc=0x00000280393445ac relative=0x000000000000186c
Event: 54.031 Thread 0x00000280913d0000 Uncommon trap: reason=speculate_null_assert action=make_not_entrant pc=0x00000280393445ac method=java.lang.invoke.MethodType$ConcurrentWeakInternSet.add(Ljava/lang/Object;)Ljava/lang/Object; @ 47 c2
Event: 54.031 Thread 0x00000280913d0000 DEOPT PACKING pc=0x00000280393445ac sp=0x00000098ea7fcc60
Event: 54.031 Thread 0x00000280913d0000 DEOPT UNPACKING pc=0x0000028038b069a3 sp=0x00000098ea7fcbf8 mode 2
Event: 62.123 Thread 0x00000280913d2d90 Uncommon trap: trap_request=0xffffffde fr.pc=0x0000028039150a68 relative=0x0000000000000b68
Event: 62.123 Thread 0x00000280913d2d90 Uncommon trap: reason=class_check action=maybe_recompile pc=0x0000028039150a68 method=java.util.stream.FindOps$FindOp.evaluateSequential(Ljava/util/stream/PipelineHelper;Ljava/util/Spliterator;)Ljava/lang/Object; @ 5 c2
Event: 62.123 Thread 0x00000280913d2d90 DEOPT PACKING pc=0x0000028039150a68 sp=0x00000098ea5fcff0
Event: 62.123 Thread 0x00000280913d2d90 DEOPT UNPACKING pc=0x0000028038b069a3 sp=0x00000098ea5fcfc8 mode 2
Event: 62.123 Thread 0x00000280913d2d90 Uncommon trap: trap_request=0xffffffde fr.pc=0x0000028039150a68 relative=0x0000000000000b68
Event: 62.123 Thread 0x00000280913d2d90 Uncommon trap: reason=class_check action=maybe_recompile pc=0x0000028039150a68 method=java.util.stream.FindOps$FindOp.evaluateSequential(Ljava/util/stream/PipelineHelper;Ljava/util/Spliterator;)Ljava/lang/Object; @ 5 c2
Event: 62.123 Thread 0x00000280913d2d90 DEOPT PACKING pc=0x0000028039150a68 sp=0x00000098ea5fcff0
Event: 62.123 Thread 0x00000280913d2d90 DEOPT UNPACKING pc=0x0000028038b069a3 sp=0x00000098ea5fcfc8 mode 2
Event: 62.123 Thread 0x00000280913d2d90 Uncommon trap: trap_request=0xffffffde fr.pc=0x0000028039150a68 relative=0x0000000000000b68
Event: 62.123 Thread 0x00000280913d2d90 Uncommon trap: reason=class_check action=maybe_recompile pc=0x0000028039150a68 method=java.util.stream.FindOps$FindOp.evaluateSequential(Ljava/util/stream/PipelineHelper;Ljava/util/Spliterator;)Ljava/lang/Object; @ 5 c2
Event: 62.123 Thread 0x00000280913d2d90 DEOPT PACKING pc=0x0000028039150a68 sp=0x00000098ea5fcff0
Event: 62.123 Thread 0x00000280913d2d90 DEOPT UNPACKING pc=0x0000028038b069a3 sp=0x00000098ea5fcfc8 mode 2
Event: 63.127 Thread 0x00000280913d2d90 Uncommon trap: trap_request=0xffffff45 fr.pc=0x000002803931d77c relative=0x000000000000005c
Event: 63.158 Thread 0x00000280913d2d90 Uncommon trap: reason=unstable_if action=reinterpret pc=0x000002803931d77c method=java.util.Objects.equals(Ljava/lang/Object;Ljava/lang/Object;)Z @ 6 c2
Event: 63.158 Thread 0x00000280913d2d90 DEOPT PACKING pc=0x000002803931d77c sp=0x00000098ea5fd220
Event: 63.158 Thread 0x00000280913d2d90 DEOPT UNPACKING pc=0x0000028038b069a3 sp=0x00000098ea5fd1c0 mode 2

Classes loaded (20 events):
Event: 53.675 Loading class java/nio/channels/SelectionKey
Event: 53.675 Loading class java/nio/channels/SelectionKey done
Event: 53.675 Loading class java/nio/channels/spi/AbstractSelectionKey done
Event: 53.675 Loading class sun/nio/ch/SelectionKeyImpl done
Event: 53.675 Loading class java/lang/invoke/ConstantBootstraps
Event: 53.676 Loading class java/lang/invoke/ConstantBootstraps done
Event: 53.812 Loading class sun/nio/cs/ThreadLocalCoders
Event: 53.812 Loading class sun/nio/cs/ThreadLocalCoders done
Event: 53.812 Loading class sun/nio/cs/ThreadLocalCoders$1
Event: 53.812 Loading class sun/nio/cs/ThreadLocalCoders$Cache
Event: 53.812 Loading class sun/nio/cs/ThreadLocalCoders$Cache done
Event: 53.812 Loading class sun/nio/cs/ThreadLocalCoders$1 done
Event: 53.812 Loading class sun/nio/cs/ThreadLocalCoders$2
Event: 53.812 Loading class sun/nio/cs/ThreadLocalCoders$2 done
Event: 53.891 Loading class java/util/concurrent/locks/ReentrantReadWriteLock$Sync$HoldCounter
Event: 53.891 Loading class java/util/concurrent/locks/ReentrantReadWriteLock$Sync$HoldCounter done
Event: 62.123 Loading class java/time/format/DateTimeFormatterBuilder$ZoneTextPrinterParser
Event: 62.124 Loading class java/time/format/DateTimeFormatterBuilder$ZoneTextPrinterParser done
Event: 63.158 Loading class java/time/format/DateTimeFormatterBuilder$ReducedPrinterParser
Event: 63.159 Loading class java/time/format/DateTimeFormatterBuilder$ReducedPrinterParser done

Classes unloaded (0 events):
No events

Classes redefined (0 events):
No events

Internal exceptions (20 events):
Event: 9.243 Thread 0x000002808e994370 Exception <a 'java/lang/ClassNotFoundException'{0x000000008cc55148}: org/springframework/security/config/annotation/web/configuration/WebSecurityConfigurationCustomizer> (0x000000008cc55148) 
thrown [s\src\hotspot\share\classfile\systemDictionary.cpp, line 256]
Event: 9.244 Thread 0x000002808e994370 Exception <a 'java/lang/ClassNotFoundException'{0x000000008cc64398}: org/springframework/context/annotation/ImportAwareCustomizer> (0x000000008cc64398) 
thrown [s\src\hotspot\share\classfile\systemDictionary.cpp, line 256]
Event: 9.244 Thread 0x000002808e994370 Exception <a 'java/lang/ClassNotFoundException'{0x000000008cc698b8}: org/springframework/beans/factory/AwareCustomizer> (0x000000008cc698b8) 
thrown [s\src\hotspot\share\classfile\systemDictionary.cpp, line 256]
Event: 9.244 Thread 0x000002808e994370 Exception <a 'java/lang/ClassNotFoundException'{0x000000008cc6e238}: org/springframework/beans/factory/BeanClassLoaderAwareCustomizer> (0x000000008cc6e238) 
thrown [s\src\hotspot\share\classfile\systemDictionary.cpp, line 256]
Event: 9.245 Thread 0x000002808e994370 Exception <a 'java/lang/ClassNotFoundException'{0x000000008cc73738}: org/springframework/beans/factory/AwareCustomizer> (0x000000008cc73738) 
thrown [s\src\hotspot\share\classfile\systemDictionary.cpp, line 256]
Event: 9.360 Thread 0x000002808e994370 Implicit null exception at 0x000002803914b03d to 0x000002803914b0fa
Event: 9.489 Thread 0x000002808e994370 Exception <a 'java/lang/ClassNotFoundException'{0x000000008e15fd68}: java/lang/ObjectCustomizer> (0x000000008e15fd68) 
thrown [s\src\hotspot\share\classfile\systemDictionary.cpp, line 256]
Event: 9.489 Thread 0x000002808e994370 Exception <a 'java/lang/ClassNotFoundException'{0x000000008e169560}: org/springframework/web/socket/config/annotation/WebSocketConfigurationSupportCustomizer> (0x000000008e169560) 
thrown [s\src\hotspot\share\classfile\systemDictionary.cpp, line 256]
Event: 9.490 Thread 0x000002808e994370 Exception <a 'java/lang/ClassNotFoundException'{0x000000008e171390}: org/springframework/web/socket/config/annotation/DelegatingWebSocketConfigurationCustomizer> (0x000000008e171390) 
thrown [s\src\hotspot\share\classfile\systemDictionary.cpp, line 256]
Event: 9.836 Thread 0x000002808e994370 Implicit null exception at 0x00000280391f3e58 to 0x00000280391f3f08
Event: 9.858 Thread 0x000002808e994370 Exception <a 'java/lang/IncompatibleClassChangeError'{0x000000008deea460}: Found class java.lang.Object, but interface was expected> (0x000000008deea460) 
thrown [s\src\hotspot\share\interpreter\linkResolver.cpp, line 826]
Event: 9.924 Thread 0x000002808e994370 Exception <a 'java/lang/ClassNotFoundException'{0x000000008d8cd028}: java/lang/ObjectCustomizer> (0x000000008d8cd028) 
thrown [s\src\hotspot\share\classfile\systemDictionary.cpp, line 256]
Event: 9.925 Thread 0x000002808e994370 Exception <a 'java/lang/ClassNotFoundException'{0x000000008d8d5608}: org/springframework/security/config/annotation/web/configuration/HttpSecurityConfigurationCustomizer> (0x000000008d8d5608) 
thrown [s\src\hotspot\share\classfile\systemDictionary.cpp, line 256]
Event: 9.959 Thread 0x000002808e994370 Exception <a 'java/lang/NoSuchMethodError'{0x000000008d7cc4a0}: 'java.lang.Object java.lang.invoke.DirectMethodHandle$Holder.invokeInterface(java.lang.Object, java.lang.Object, java.lang.Object, java.lang.Object)'> (0x000000008d7cc4a0) 
thrown [s\src\hotspot\share\interpreter\linkResolver.cpp, line 759]
Event: 10.018 Thread 0x000002808e994370 Exception <a 'java/lang/NoSuchMethodError'{0x000000008d5b7950}: 'void java.lang.invoke.DirectMethodHandle$Holder.invokeVirtual(java.lang.Object, java.lang.Object, int)'> (0x000000008d5b7950) 
thrown [s\src\hotspot\share\interpreter\linkResolver.cpp, line 759]
Event: 10.021 Thread 0x000002808e994370 Exception <a 'java/lang/NoSuchMethodError'{0x000000008d5d22e0}: 'void java.lang.invoke.DirectMethodHandle$Holder.invokeVirtual(java.lang.Object, java.lang.Object, long)'> (0x000000008d5d22e0) 
thrown [s\src\hotspot\share\interpreter\linkResolver.cpp, line 759]
Event: 10.389 Thread 0x000002808e994370 Exception <a 'java/lang/NoSuchMethodError'{0x000000008f2ef148}: 'java.lang.Object java.lang.invoke.DirectMethodHandle$Holder.invokeSpecial(java.lang.Object, java.lang.Object, int, java.lang.Object, int, java.lang.Object)'> (0x000000008f2ef148) 
thrown [s\src\hotspot\share\interpreter\linkResolver.cpp, line 759]
Event: 10.390 Thread 0x000002808e994370 Exception <a 'java/lang/NoSuchMethodError'{0x000000008f2f71f0}: 'java.lang.Object java.lang.invoke.DirectMethodHandle$Holder.newInvokeSpecial(java.lang.Object, java.lang.Object, int, java.lang.Object, int)'> (0x000000008f2f71f0) 
thrown [s\src\hotspot\share\interpreter\linkResolver.cpp, line 759]
Event: 10.390 Thread 0x000002808e994370 Exception <a 'java/lang/NoSuchMethodError'{0x000000008f2fb2f0}: 'java.lang.Object java.lang.invoke.DirectMethodHandle$Holder.invokeSpecial(java.lang.Object, java.lang.Object, java.lang.Object, int, java.lang.Object, int)'> (0x000000008f2fb2f0) 
thrown [s\src\hotspot\share\interpreter\linkResolver.cpp, line 759]
Event: 10.391 Thread 0x000002808e994370 Exception <a 'java/lang/NoSuchMethodError'{0x000000008f106188}: 'void java.lang.invoke.DirectMethodHandle$Holder.invokeVirtual(java.lang.Object, java.lang.Object)'> (0x000000008f106188) 
thrown [s\src\hotspot\share\interpreter\linkResolver.cpp, line 759]

VM Operations (20 events):
Event: 23.798 Executing VM operation: Cleanup
Event: 23.798 Executing VM operation: Cleanup done
Event: 37.853 Executing VM operation: Cleanup
Event: 37.853 Executing VM operation: Cleanup done
Event: 41.864 Executing VM operation: Cleanup
Event: 41.864 Executing VM operation: Cleanup done
Event: 53.860 Executing VM operation: HandshakeAllThreads
Event: 53.861 Executing VM operation: HandshakeAllThreads done
Event: 53.861 Executing VM operation: Cleanup
Event: 53.861 Executing VM operation: Cleanup done
Event: 53.963 Executing VM operation: HandshakeAllThreads
Event: 53.963 Executing VM operation: HandshakeAllThreads done
Event: 54.974 Executing VM operation: Cleanup
Event: 54.974 Executing VM operation: Cleanup done
Event: 56.991 Executing VM operation: Cleanup
Event: 57.087 Executing VM operation: Cleanup done
Event: 61.113 Executing VM operation: HandshakeAllThreads
Event: 61.114 Executing VM operation: HandshakeAllThreads done
Event: 63.126 Executing VM operation: Cleanup
Event: 63.126 Executing VM operation: Cleanup done

Memory protections (0 events):
No events

Nmethod flushes (20 events):
Event: 7.606 Thread 0x000002804850a100 flushing  nmethod 0x0000028032013a90
Event: 7.606 Thread 0x000002804850a100 flushing  nmethod 0x0000028032013f10
Event: 7.606 Thread 0x000002804850a100 flushing  nmethod 0x0000028032017b10
Event: 7.606 Thread 0x000002804850a100 flushing  nmethod 0x000002803201de10
Event: 7.606 Thread 0x000002804850a100 flushing  nmethod 0x000002803201e190
Event: 7.606 Thread 0x000002804850a100 flushing  nmethod 0x0000028032021110
Event: 7.606 Thread 0x000002804850a100 flushing  nmethod 0x0000028032025b90
Event: 7.606 Thread 0x000002804850a100 flushing  nmethod 0x0000028032025f10
Event: 7.606 Thread 0x000002804850a100 flushing  nmethod 0x0000028032028190
Event: 7.606 Thread 0x000002804850a100 flushing  nmethod 0x0000028032034c90
Event: 7.606 Thread 0x000002804850a100 flushing  nmethod 0x000002803205f210
Event: 7.607 Thread 0x000002804850a100 flushing  nmethod 0x00000280320b1310
Event: 7.607 Thread 0x000002804850a100 flushing  nmethod 0x00000280320b1710
Event: 7.607 Thread 0x000002804850a100 flushing  nmethod 0x0000028032104190
Event: 7.607 Thread 0x000002804850a100 flushing  nmethod 0x0000028032108b90
Event: 10.764 Thread 0x000002804850a100 flushing  nmethod 0x0000028031db5190
Event: 10.765 Thread 0x000002804850a100 flushing  nmethod 0x0000028031e2ff90
Event: 10.765 Thread 0x000002804850a100 flushing  nmethod 0x0000028031ed9790
Event: 10.766 Thread 0x000002804850a100 flushing  nmethod 0x0000028031f27b90
Event: 10.768 Thread 0x000002804850a100 flushing  nmethod 0x0000028032109690

Events (20 events):
Event: 10.402 Thread 0x000002808e994370 Thread added: 0x00000280913d1e60
Event: 10.402 Thread 0x000002808e994370 Thread added: 0x00000280913d2d90
Event: 10.402 Thread 0x000002808e994370 Thread added: 0x00000280913d0f30
Event: 10.402 Thread 0x000002808e994370 Thread added: 0x00000280913d0000
Event: 10.402 Thread 0x000002808e994370 Thread added: 0x00000280913d37b0
Event: 10.402 Thread 0x000002808e994370 Thread added: 0x00000280913d3cc0
Event: 10.403 Thread 0x000002808e994370 Thread added: 0x00000280913d41d0
Event: 10.403 Thread 0x000002808e994370 Thread added: 0x00000280913d46e0
Event: 10.421 Thread 0x000002808e994370 Thread added: 0x00000280913d4bf0
Event: 10.423 Thread 0x000002808e994370 Thread added: 0x00000280913d1440
Event: 10.446 Thread 0x000002808e994370 Thread added: 0x00000280913d5100
Event: 10.457 Thread 0x000002808e994370 Thread exited: 0x000002808e994370
Event: 10.461 Thread 0x000002808e993e90 Thread exited: 0x000002808e993e90
Event: 10.462 Thread 0x0000028029a05c40 Thread exited: 0x0000028029a05c40
Event: 10.462 Thread 0x00000280913d6f60 Thread added: 0x00000280913d6f60
Event: 10.961 Thread 0x00000280929e5ae0 Thread exited: 0x00000280929e5ae0
Event: 11.367 Thread 0x000002808f8afc40 Thread exited: 0x000002808f8afc40
Event: 11.415 Thread 0x000002808f9ba120 Thread exited: 0x000002808f9ba120
Event: 54.043 Thread 0x00000280484f86e0 Thread added: 0x00000280929e4af0
Event: 59.093 Thread 0x00000280484f86e0 Thread added: 0x00000280929e2070


Dynamic libraries:
0x00007ff755d60000 - 0x00007ff755d6e000 	C:\Users\MSI 2022\.jdks\corretto-17.0.17\bin\java.exe
0x00007ff9f9a20000 - 0x00007ff9f9c88000 	C:\WINDOWS\SYSTEM32\ntdll.dll
0x00007ff9f8850000 - 0x00007ff9f8919000 	C:\WINDOWS\System32\KERNEL32.DLL
0x00007ff9f6e50000 - 0x00007ff9f7242000 	C:\WINDOWS\System32\KERNELBASE.dll
0x00007ff9f7280000 - 0x00007ff9f73cb000 	C:\WINDOWS\System32\ucrtbase.dll
0x00007ff9f3760000 - 0x00007ff9f3778000 	C:\Users\MSI 2022\.jdks\corretto-17.0.17\bin\jli.dll
0x00007ff9ecad0000 - 0x00007ff9ecaee000 	C:\Users\MSI 2022\.jdks\corretto-17.0.17\bin\VCRUNTIME140.dll
0x00007ff9f85c0000 - 0x00007ff9f8785000 	C:\WINDOWS\System32\USER32.dll
0x00007ff9e0790000 - 0x00007ff9e0a23000 	C:\WINDOWS\WinSxS\amd64_microsoft.windows.common-controls_6595b64144ccf1df_6.0.26100.6899_none_3e0efeeae32e88c1\COMCTL32.dll
0x00007ff9f7250000 - 0x00007ff9f7277000 	C:\WINDOWS\System32\win32u.dll
0x00007ff9f7c10000 - 0x00007ff9f7cb9000 	C:\WINDOWS\System32\msvcrt.dll
0x00007ff9f7b50000 - 0x00007ff9f7b7b000 	C:\WINDOWS\System32\GDI32.dll
0x00007ff9f7550000 - 0x00007ff9f767d000 	C:\WINDOWS\System32\gdi32full.dll
0x00007ff9f6bb0000 - 0x00007ff9f6c53000 	C:\WINDOWS\System32\msvcp_win.dll
0x00007ff9f90d0000 - 0x00007ff9f90ff000 	C:\WINDOWS\System32\IMM32.DLL
0x00007ff9f3750000 - 0x00007ff9f375c000 	C:\Users\MSI 2022\.jdks\corretto-17.0.17\bin\vcruntime140_1.dll
0x00007ff9e1310000 - 0x00007ff9e1399000 	C:\Users\MSI 2022\.jdks\corretto-17.0.17\bin\msvcp140.dll
0x00007ff97ae90000 - 0x00007ff97bb04000 	C:\Users\MSI 2022\.jdks\corretto-17.0.17\bin\server\jvm.dll
0x00007ff9f8790000 - 0x00007ff9f8844000 	C:\WINDOWS\System32\ADVAPI32.dll
0x00007ff9f7cc0000 - 0x00007ff9f7d66000 	C:\WINDOWS\System32\sechost.dll
0x00007ff9f8dd0000 - 0x00007ff9f8ee8000 	C:\WINDOWS\System32\RPCRT4.dll
0x00007ff9f9960000 - 0x00007ff9f99d4000 	C:\WINDOWS\System32\WS2_32.dll
0x00007ff9f6a10000 - 0x00007ff9f6a6e000 	C:\WINDOWS\SYSTEM32\POWRPROF.dll
0x00007ff9ef9c0000 - 0x00007ff9ef9f5000 	C:\WINDOWS\SYSTEM32\WINMM.dll
0x00007ff9f02b0000 - 0x00007ff9f02bb000 	C:\WINDOWS\SYSTEM32\VERSION.dll
0x00007ff9f69f0000 - 0x00007ff9f6a04000 	C:\WINDOWS\SYSTEM32\UMPDC.dll
0x00007ff9f5950000 - 0x00007ff9f596b000 	C:\WINDOWS\SYSTEM32\kernel.appcore.dll
0x00007ff9ef530000 - 0x00007ff9ef53a000 	C:\Users\MSI 2022\.jdks\corretto-17.0.17\bin\jimage.dll
0x00007ff9e9c30000 - 0x00007ff9e9e72000 	C:\WINDOWS\SYSTEM32\DBGHELP.DLL
0x00007ff9f8a20000 - 0x00007ff9f8d9b000 	C:\WINDOWS\System32\combase.dll
0x00007ff9f7910000 - 0x00007ff9f79e7000 	C:\WINDOWS\System32\OLEAUT32.dll
0x00007ff9e0d80000 - 0x00007ff9e0dbc000 	C:\WINDOWS\SYSTEM32\dbgcore.DLL
0x00007ff9f6db0000 - 0x00007ff9f6e48000 	C:\WINDOWS\System32\bcryptPrimitives.dll
0x00007ff9ead30000 - 0x00007ff9ead3f000 	C:\Users\MSI 2022\.jdks\corretto-17.0.17\bin\instrument.dll
0x00007ff9e8d60000 - 0x00007ff9e8d86000 	C:\Users\MSI 2022\.jdks\corretto-17.0.17\bin\java.dll
0x00007ff9c7d40000 - 0x00007ff9c7e17000 	C:\Users\MSI 2022\.jdks\corretto-17.0.17\bin\jsvml.dll
0x00007ff9f9210000 - 0x00007ff9f995d000 	C:\WINDOWS\System32\SHELL32.dll
0x00007ff9f7680000 - 0x00007ff9f77eb000 	C:\WINDOWS\System32\wintypes.dll
0x00007ff9f47c0000 - 0x00007ff9f501d000 	C:\WINDOWS\SYSTEM32\windows.storage.dll
0x00007ff9f7a40000 - 0x00007ff9f7b32000 	C:\WINDOWS\System32\SHCORE.dll
0x00007ff9f8920000 - 0x00007ff9f8982000 	C:\WINDOWS\System32\shlwapi.dll
0x00007ff9f6ad0000 - 0x00007ff9f6af9000 	C:\WINDOWS\SYSTEM32\profapi.dll
0x00007ff9e30e0000 - 0x00007ff9e30f8000 	C:\Users\MSI 2022\.jdks\corretto-17.0.17\bin\zip.dll
0x00007ff9e8140000 - 0x00007ff9e815b000 	C:\Users\MSI 2022\.jdks\corretto-17.0.17\bin\net.dll
0x00007ff9efc00000 - 0x00007ff9efd1f000 	C:\WINDOWS\SYSTEM32\WINHTTP.dll
0x00007ff9f5ef0000 - 0x00007ff9f5f5b000 	C:\WINDOWS\system32\mswsock.dll
0x00007ff9e3140000 - 0x00007ff9e3156000 	C:\Users\MSI 2022\.jdks\corretto-17.0.17\bin\nio.dll
0x00007ff9e6a40000 - 0x00007ff9e6a49000 	C:\Users\MSI 2022\.jdks\corretto-17.0.17\bin\extnet.dll
0x00007ff9e30b0000 - 0x00007ff9e30c0000 	C:\Users\MSI 2022\.jdks\corretto-17.0.17\bin\verify.dll
0x00007ff9e30d0000 - 0x00007ff9e30da000 	C:\Users\MSI 2022\.jdks\corretto-17.0.17\bin\management.dll
0x00007ff9e30c0000 - 0x00007ff9e30cc000 	C:\Users\MSI 2022\.jdks\corretto-17.0.17\bin\management_ext.dll
0x00007ff9f8a10000 - 0x00007ff9f8a18000 	C:\WINDOWS\System32\PSAPI.DLL
0x00007ff9ec620000 - 0x00007ff9ec638000 	C:\WINDOWS\system32\napinsp.dll
0x00007ff9f5320000 - 0x00007ff9f5446000 	C:\WINDOWS\SYSTEM32\DNSAPI.dll
0x00007ff9f52e0000 - 0x00007ff9f5314000 	C:\WINDOWS\SYSTEM32\IPHLPAPI.DLL
0x00007ff9f85b0000 - 0x00007ff9f85ba000 	C:\WINDOWS\System32\NSI.dll
0x00007ff9ec600000 - 0x00007ff9ec612000 	C:\WINDOWS\System32\winrnr.dll
0x00007ff9ec1f0000 - 0x00007ff9ec218000 	C:\WINDOWS\system32\nlansp_c.dll
0x00007ff9ecb10000 - 0x00007ff9ecb26000 	C:\WINDOWS\system32\wshbth.dll
0x00007ff9ecb50000 - 0x00007ff9ecb5b000 	C:\Windows\System32\rasadhlp.dll
0x00007ff9f09a0000 - 0x00007ff9f0a26000 	C:\WINDOWS\System32\fwpuclnt.dll
0x00007ff9f61a0000 - 0x00007ff9f61bb000 	C:\WINDOWS\SYSTEM32\CRYPTSP.dll
0x00007ff9f58b0000 - 0x00007ff9f58eb000 	C:\WINDOWS\system32\rsaenh.dll
0x00007ff9f5f90000 - 0x00007ff9f5fbb000 	C:\WINDOWS\SYSTEM32\USERENV.dll
0x00007ff9f6aa0000 - 0x00007ff9f6ac6000 	C:\WINDOWS\SYSTEM32\bcrypt.dll
0x00007ff9f61c0000 - 0x00007ff9f61cc000 	C:\WINDOWS\SYSTEM32\CRYPTBASE.dll
0x00007ff9f03e0000 - 0x00007ff9f03fe000 	C:\WINDOWS\SYSTEM32\dhcpcsvc6.DLL
0x00007ff9f02f0000 - 0x00007ff9f0313000 	C:\WINDOWS\SYSTEM32\dhcpcsvc.DLL
0x00007ff9e8440000 - 0x00007ff9e844e000 	C:\Users\MSI 2022\.jdks\corretto-17.0.17\bin\sunmscapi.dll
0x00007ff9f73d0000 - 0x00007ff9f7547000 	C:\WINDOWS\System32\CRYPT32.dll
0x00007ff9f63c0000 - 0x00007ff9f63f0000 	C:\WINDOWS\SYSTEM32\ncrypt.dll
0x00007ff9f6370000 - 0x00007ff9f63af000 	C:\WINDOWS\SYSTEM32\NTASN1.dll
0x00007ff9ec680000 - 0x00007ff9ec688000 	C:\WINDOWS\system32\wshunix.dll

dbghelp: loaded successfully - version: 4.0.5 - missing functions: none
symbol engine: initialized successfully - sym options: 0x614 - pdb path: .;C:\Users\MSI 2022\.jdks\corretto-17.0.17\bin;C:\WINDOWS\SYSTEM32;C:\WINDOWS\WinSxS\amd64_microsoft.windows.common-controls_6595b64144ccf1df_6.0.26100.6899_none_3e0efeeae32e88c1;C:\Users\MSI 2022\.jdks\corretto-17.0.17\bin\server

VM Arguments:
jvm_args: -javaagent:C:\Program Files\JetBrains\IntelliJ IDEA 2025.2.4\lib\idea_rt.jar=56418 -Dfile.encoding=UTF-8 
java_command: vn.fs.MartfuryShopApplication
java_class_path (initial): C:\Users\MSI 2022\Downloads\duantotnghiep\duantotnghiep\workplace\MartfuryShop\target\classes;C:\Users\MSI 2022\.m2\repository\org\springframework\boot\spring-boot-starter-data-jpa\2.6.4\spring-boot-starter-data-jpa-2.6.4.jar;C:\Users\MSI 2022\.m2\repository\org\springframework\boot\spring-boot-starter-aop\2.6.4\spring-boot-starter-aop-2.6.4.jar;C:\Users\MSI 2022\.m2\repository\org\aspectj\aspectjweaver\1.9.7\aspectjweaver-1.9.7.jar;C:\Users\MSI 2022\.m2\repository\org\springframework\boot\spring-boot-starter-jdbc\2.6.4\spring-boot-starter-jdbc-2.6.4.jar;C:\Users\MSI 2022\.m2\repository\com\zaxxer\HikariCP\4.0.3\HikariCP-4.0.3.jar;C:\Users\MSI 2022\.m2\repository\org\springframework\spring-jdbc\5.3.16\spring-jdbc-5.3.16.jar;C:\Users\MSI 2022\.m2\repository\jakarta\transaction\jakarta.transaction-api\1.3.3\jakarta.transaction-api-1.3.3.jar;C:\Users\MSI 2022\.m2\repository\jakarta\persistence\jakarta.persistence-api\2.2.3\jakarta.persistence-api-2.2.3.jar;C:\Users\MSI 2022\.m2\repository\org\hibernate\hibernate-core\5.6.5.Final\hibernate-core-5.6.5.Final.jar;C:\Users\MSI 2022\.m2\repository\org\jboss\logging\jboss-logging\3.4.3.Final\jboss-logging-3.4.3.Final.jar;C:\Users\MSI 2022\.m2\repository\net\bytebuddy\byte-buddy\1.11.22\byte-buddy-1.11.22.jar;C:\Users\MSI 2022\.m2\repository\antlr\antlr\2.7.7\antlr-2.7.7.jar;C:\Users\MSI 2022\.m2\repository\org\jboss\jandex\2.4.2.Final\jandex-2.4.2.Final.jar;C:\Users\MSI 2022\.m2\repository\com\fasterxml\classmate\1.5.1\classmate-1.5.1.jar;C:\Users\MSI 2022\.m2\repository\org\hibernate\common\hibernate-commons-annotations\5.1.2.Final\hibernate-commons-annotations-5.1.2.Final.jar;C:\Users\MSI 2022\.m2\repository\org\glassfish\jaxb\jaxb-runtime\2.3.6\jaxb-runtime-2.3.6.jar;C:\Users\MSI 2022\.m2\repository\org\glassfish\jaxb\txw2\2.3.6\txw2-2.3.6.jar;C:\Users\MSI 2022\.m2\repository\com\sun\istack\istack-commons-runtime\3.0.12\istack-commons-runtime-3.0.12.jar;C:\Users\MSI 2022\.m2\repository\org\spri
Launcher Type: SUN_STANDARD

[Global flags]
     intx CICompilerCount                          = 4                                         {product} {ergonomic}
     uint ConcGCThreads                            = 3                                         {product} {ergonomic}
     uint G1ConcRefinementThreads                  = 10                                        {product} {ergonomic}
   size_t G1HeapRegionSize                         = 1048576                                   {product} {ergonomic}
    uintx GCDrainStackTargetSize                   = 64                                        {product} {ergonomic}
   size_t InitialHeapSize                          = 123731968                                 {product} {ergonomic}
   size_t MarkStackSize                            = 4194304                                   {product} {ergonomic}
   size_t MaxHeapSize                              = 1977614336                                {product} {ergonomic}
   size_t MaxNewSize                               = 1185939456                                {product} {ergonomic}
   size_t MinHeapDeltaBytes                        = 1048576                                   {product} {ergonomic}
   size_t MinHeapSize                              = 8388608                                   {product} {ergonomic}
    uintx NonNMethodCodeHeapSize                   = 5839372                                {pd product} {ergonomic}
    uintx NonProfiledCodeHeapSize                  = 122909434                              {pd product} {ergonomic}
    uintx ProfiledCodeHeapSize                     = 122909434                              {pd product} {ergonomic}
    uintx ReservedCodeCacheSize                    = 251658240                              {pd product} {ergonomic}
     bool SegmentedCodeCache                       = true                                      {product} {ergonomic}
   size_t SoftMaxHeapSize                          = 1977614336                             {manageable} {ergonomic}
     bool UseCompressedClassPointers               = true                           {product lp64_product} {ergonomic}
     bool UseCompressedOops                        = true                           {product lp64_product} {ergonomic}
     bool UseG1GC                                  = true                                      {product} {ergonomic}
     bool UseLargePagesIndividualAllocation        = false                                  {pd product} {ergonomic}

Logging:
Log output configuration:
 #0: stdout all=warning uptime,level,tags
 #1: stderr all=off uptime,level,tags

Environment Variables:
PATH=C:\Program Files\Microsoft MPI\Bin\;C:\Program Files\Common Files\Oracle\Java\javapath;C:\WINDOWS\system32;C:\WINDOWS;C:\WINDOWS\System32\Wbem;C:\WINDOWS\System32\WindowsPowerShell\v1.0\;C:\WINDOWS\System32\OpenSSH\;C:\Program Files (x86)\Microsoft SQL Server\160\Tools\Binn\;C:\Program Files\Microsoft SQL Server\160\Tools\Binn\;C:\Program Files\Microsoft SQL Server\Client SDK\ODBC\170\Tools\Binn\;C:\Program Files\Microsoft SQL Server\160\DTS\Binn\;C:\Program Files (x86)\Microsoft SQL Server\160\DTS\Binn\;C:\Hugo\bin;C:\Program Files\Git\cmd;C:\Program Files\Cloudflare\Cloudflare WARP\;C:\Users\MSI 2022\AppData\Local\nvm;C:\nvm4w\nodejs;C:\Users\MSI 2022\AppData\Local\Microsoft\WindowsApps;C:\Users\MSI 2022\AppData\Local\Programs\Microsoft VS Code\bin;C:\Program Files\Azure Data Studio\bin;C:\Users\MSI 2022\AppData\Local\afreeca;C:\Users\MSI 2022\AppData\Roaming\npm;C:\Users\MSI 2022\AppData\Local\Programs\cursor\resources\app\bin;C:\Users\MSI 2022\AppData\Local\nvm;C:\nvm4w\nodejs
USERNAME=MSI 2022
OS=Windows_NT
PROCESSOR_IDENTIFIER=AMD64 Family 23 Model 104 Stepping 1, AuthenticAMD
TMP=C:\Users\MSI202~1\AppData\Local\Temp
TEMP=C:\Users\MSI202~1\AppData\Local\Temp



Periodic native trim disabled


---------------  S Y S T E M  ---------------

OS:
 Windows 11 , 64 bit Build 26100 (10.0.26100.6725)
OS uptime: 0 days 1:17 hours
Hyper-V role detected

CPU: total 12 (initial active 12) (12 cores per cpu, 2 threads per core) family 23 model 104 stepping 1 microcode 0x8608103, cx8, cmov, fxsr, ht, mmx, 3dnowpref, sse, sse2, sse3, ssse3, sse4a, sse4.1, sse4.2, popcnt, lzcnt, tsc, tscinvbit, avx, avx2, aes, clmul, bmi1, bmi2, adx, sha, fma, vzeroupper, clflush, clflushopt, hv
Processor Information for all 12 processors :
  Max Mhz: 2100, Current Mhz: 2100, Mhz Limit: 2100

Memory: 4k page, system-wide physical 7541M (1368M free)
TotalPageFile size 15637M (AvailPageFile size 0M)
current process WorkingSet (physical memory assigned to process): 264M, peak: 286M
current process commit charge ("private bytes"): 317M, peak: 336M

vm_info: OpenJDK 64-Bit Server VM (17.0.17+10-LTS) for windows-amd64 JRE (17.0.17+10-LTS), built on Oct 16 2025 05:23:10 by "Administrator" with unknown MS VC++:1944

END.
